[    0.000000] Linux version 4.15.0-74-generic (buildd@lcy01-amd64-022) (gcc version 7.4.0 (Ubuntu 7.4.0-1ubuntu1~18.04.1)) #84-Ubuntu SMP Thu Dec 19 08:06:28 UTC 2019 (Ubuntu 4.15.0-74.84-generic 4.15.18)
[    0.000000] Command line: BOOT_IMAGE=/boot/vmlinuz-4.15.0-74-generic root=LABEL=cloudimg-rootfs ro console=tty1 console=ttyS0
[    0.000000] KERNEL supported cpus:
[    0.000000]   Intel GenuineIntel
[    0.000000]   AMD AuthenticAMD
[    0.000000]   Centaur CentaurHauls
[    0.000000] x86/fpu: Supporting XSAVE feature 0x001: 'x87 floating point registers'
[    0.000000] x86/fpu: Supporting XSAVE feature 0x002: 'SSE registers'
[    0.000000] x86/fpu: Supporting XSAVE feature 0x004: 'AVX registers'
[    0.000000] x86/fpu: xstate_offset[2]:  576, xstate_sizes[2]:  256
[    0.000000] x86/fpu: Enabled xstate features 0x7, context size is 832 bytes, using 'standard' format.
[    0.000000] e820: BIOS-provided physical RAM map:
[    0.000000] BIOS-e820: [mem 0x0000000000000000-0x000000000009fbff] usable
[    0.000000] BIOS-e820: [mem 0x000000000009fc00-0x000000000009ffff] reserved
[    0.000000] BIOS-e820: [mem 0x00000000000f0000-0x00000000000fffff] reserved
[    0.000000] BIOS-e820: [mem 0x0000000000100000-0x000000003ffeffff] usable
[    0.000000] BIOS-e820: [mem 0x000000003fff0000-0x000000003fffffff] ACPI data
[    0.000000] BIOS-e820: [mem 0x00000000fec00000-0x00000000fec00fff] reserved
[    0.000000] BIOS-e820: [mem 0x00000000fee00000-0x00000000fee00fff] reserved
[    0.000000] BIOS-e820: [mem 0x00000000fffc0000-0x00000000ffffffff] reserved
[    0.000000] NX (Execute Disable) protection: active
[    0.000000] SMBIOS 2.5 present.
[    0.000000] DMI: innotek GmbH VirtualBox/VirtualBox, BIOS VirtualBox 12/01/2006
[    0.000000] Hypervisor detected: KVM
[    0.000000] e820: last_pfn = 0x3fff0 max_arch_pfn = 0x400000000
[    0.000000] MTRR: Disabled
[    0.000000] x86/PAT: MTRRs disabled, skipping PAT initialization too.
[    0.000000] CPU MTRRs all blank - virtualized system.
[    0.000000] x86/PAT: Configuration [0-7]: WB  WT  UC- UC  WB  WT  UC- UC  
[    0.000000] found SMP MP-table at [mem 0x0009fff0-0x0009ffff]
[    0.000000] Scanning 1 areas for low memory corruption
[    0.000000] RAMDISK: [mem 0x35a6f000-0x36d2efff]
[    0.000000] ACPI: Early table checksum verification disabled
[    0.000000] ACPI: RSDP 0x00000000000E0000 000024 (v02 VBOX  )
[    0.000000] ACPI: XSDT 0x000000003FFF0030 00003C (v01 VBOX   VBOXXSDT 00000001 ASL  00000061)
[    0.000000] ACPI: FACP 0x000000003FFF00F0 0000F4 (v04 VBOX   VBOXFACP 00000001 ASL  00000061)
[    0.000000] ACPI: DSDT 0x000000003FFF0470 0022EA (v02 VBOX   VBOXBIOS 00000002 INTL 20100528)
[    0.000000] ACPI: FACS 0x000000003FFF0200 000040
[    0.000000] ACPI: FACS 0x000000003FFF0200 000040
[    0.000000] ACPI: APIC 0x000000003FFF0240 00005C (v02 VBOX   VBOXAPIC 00000001 ASL  00000061)
[    0.000000] ACPI: SSDT 0x000000003FFF02A0 0001CC (v01 VBOX   VBOXCPUT 00000002 INTL 20100528)
[    0.000000] No NUMA configuration found
[    0.000000] Faking a node at [mem 0x0000000000000000-0x000000003ffeffff]
[    0.000000] NODE_DATA(0) allocated [mem 0x3ffc5000-0x3ffeffff]
[    0.000000] kvm-clock: cpu 0, msr 0:3ff44001, primary cpu clock
[    0.000000] kvm-clock: Using msrs 4b564d01 and 4b564d00
[    0.000000] kvm-clock: using sched offset of 4143229087 cycles
[    0.000000] clocksource: kvm-clock: mask: 0xffffffffffffffff max_cycles: 0x1cd42e4dffb, max_idle_ns: 881590591483 ns
[    0.000000] Zone ranges:
[    0.000000]   DMA      [mem 0x0000000000001000-0x0000000000ffffff]
[    0.000000]   DMA32    [mem 0x0000000001000000-0x000000003ffeffff]
[    0.000000]   Normal   empty
[    0.000000]   Device   empty
[    0.000000] Movable zone start for each node
[    0.000000] Early memory node ranges
[    0.000000]   node   0: [mem 0x0000000000001000-0x000000000009efff]
[    0.000000]   node   0: [mem 0x0000000000100000-0x000000003ffeffff]
[    0.000000] Reserved but unavailable: 98 pages
[    0.000000] Initmem setup node 0 [mem 0x0000000000001000-0x000000003ffeffff]
[    0.000000] ACPI: PM-Timer IO Port: 0x4008
[    0.000000] IOAPIC[0]: apic_id 2, version 32, address 0xfec00000, GSI 0-23
[    0.000000] ACPI: INT_SRC_OVR (bus 0 bus_irq 0 global_irq 2 dfl dfl)
[    0.000000] ACPI: INT_SRC_OVR (bus 0 bus_irq 9 global_irq 9 low level)
[    0.000000] Using ACPI (MADT) for SMP configuration information
[    0.000000] smpboot: Allowing 2 CPUs, 0 hotplug CPUs
[    0.000000] PM: Registered nosave memory: [mem 0x00000000-0x00000fff]
[    0.000000] PM: Registered nosave memory: [mem 0x0009f000-0x0009ffff]
[    0.000000] PM: Registered nosave memory: [mem 0x000a0000-0x000effff]
[    0.000000] PM: Registered nosave memory: [mem 0x000f0000-0x000fffff]
[    0.000000] e820: [mem 0x40000000-0xfebfffff] available for PCI devices
[    0.000000] Booting paravirtualized kernel on KVM
[    0.000000] clocksource: refined-jiffies: mask: 0xffffffff max_cycles: 0xffffffff, max_idle_ns: 7645519600211568 ns
[    0.000000] random: get_random_bytes called from start_kernel+0x99/0x4fd with crng_init=0
[    0.000000] setup_percpu: NR_CPUS:8192 nr_cpumask_bits:2 nr_cpu_ids:2 nr_node_ids:1
[    0.000000] percpu: Embedded 45 pages/cpu s147456 r8192 d28672 u1048576
[    0.000000] PV qspinlock hash table entries: 256 (order: 0, 4096 bytes)
[    0.000000] Built 1 zonelists, mobility grouping on.  Total pages: 257913
[    0.000000] Policy zone: DMA32
[    0.000000] Kernel command line: BOOT_IMAGE=/boot/vmlinuz-4.15.0-74-generic root=LABEL=cloudimg-rootfs ro console=tty1 console=ttyS0
[    0.000000] Memory: 983080K/1048120K available (12300K kernel code, 2481K rwdata, 4260K rodata, 2428K init, 2704K bss, 65040K reserved, 0K cma-reserved)
[    0.000000] SLUB: HWalign=64, Order=0-3, MinObjects=0, CPUs=2, Nodes=1
[    0.000000] Kernel/User page tables isolation: enabled
[    0.000000] ftrace: allocating 39322 entries in 154 pages
[    0.004000] Hierarchical RCU implementation.
[    0.004000] 	RCU restricting CPUs from NR_CPUS=8192 to nr_cpu_ids=2.
[    0.004000] 	Tasks RCU enabled.
[    0.004000] RCU: Adjusting geometry for rcu_fanout_leaf=16, nr_cpu_ids=2
[    0.004000] NR_IRQS: 524544, nr_irqs: 440, preallocated irqs: 16
[    0.004000] Console: colour VGA+ 80x25
[    0.004000] console [tty1] enabled
[    0.004000] console [ttyS0] enabled
[    0.004000] ACPI: Core revision 20170831
[    0.004000] ACPI: 2 ACPI AML tables successfully acquired and loaded
[    0.004000] APIC: Switch to symmetric I/O mode setup
[    0.004000] x2apic enabled
[    0.004000] Switched APIC routing to physical x2apic.
[    0.005632] ..TIMER: vector=0x30 apic1=0 pin1=2 apic2=-1 pin2=-1
[    0.008008] tsc: Detected 2712.006 MHz processor
[    0.009999] Calibrating delay loop (skipped) preset value.. 5424.01 BogoMIPS (lpj=10848024)
[    0.012014] pid_max: default: 32768 minimum: 301
[    0.016039] Security Framework initialized
[    0.017755] Yama: becoming mindful.
[    0.018897] AppArmor: AppArmor initialized
[    0.020140] Dentry cache hash table entries: 131072 (order: 8, 1048576 bytes)
[    0.024092] Inode-cache hash table entries: 65536 (order: 7, 524288 bytes)
[    0.028034] Mount-cache hash table entries: 2048 (order: 2, 16384 bytes)
[    0.030390] Mountpoint-cache hash table entries: 2048 (order: 2, 16384 bytes)
[    0.032529] Last level iTLB entries: 4KB 64, 2MB 8, 4MB 8
[    0.036007] Last level dTLB entries: 4KB 64, 2MB 0, 4MB 0, 1GB 4
[    0.038103] Spectre V1 : Mitigation: usercopy/swapgs barriers and __user pointer sanitization
[    0.040006] Spectre V2 : Mitigation: Full generic retpoline
[    0.041590] Spectre V2 : Spectre v2 / SpectreRSB mitigation: Filling RSB on context switch
[    0.044005] Speculative Store Bypass: Vulnerable
[    0.045732] MDS: Vulnerable: Clear CPU buffers attempted, no microcode
[    0.048270] Freeing SMP alternatives memory: 36K
[    0.162865] smpboot: CPU0: Intel(R) Core(TM) i5-7200U CPU @ 2.50GHz (family: 0x6, model: 0x8e, stepping: 0x9)
[    0.164102] Performance Events: unsupported p6 CPU model 142 no PMU driver, software events only.
[    0.167316] Hierarchical SRCU implementation.
[    0.169061] NMI watchdog: Perf event create on CPU 0 failed with -2
[    0.171486] NMI watchdog: Perf NMI watchdog permanently disabled
[    0.172093] smp: Bringing up secondary CPUs ...
[    0.173602] x86: Booting SMP configuration:
[    0.176005] .... node  #0, CPUs:      #1
[    0.004000] kvm-clock: cpu 1, msr 0:3ff44041, secondary cpu clock
[    0.182128] smp: Brought up 1 node, 2 CPUs
[    0.182128] smpboot: Max logical packages: 1
[    0.182128] smpboot: Total of 2 processors activated (10848.02 BogoMIPS)
[    0.184171] devtmpfs: initialized
[    0.184831] x86/mm: Memory block size: 128MB
[    0.188053] evm: security.selinux
[    0.188954] evm: security.SMACK64
[    0.189785] evm: security.SMACK64EXEC
[    0.190657] evm: security.SMACK64TRANSMUTE
[    0.191592] evm: security.SMACK64MMAP
[    0.192004] evm: security.apparmor
[    0.192747] evm: security.ima
[    0.193405] evm: security.capability
[    0.194235] clocksource: jiffies: mask: 0xffffffff max_cycles: 0xffffffff, max_idle_ns: 7645041785100000 ns
[    0.196013] futex hash table entries: 512 (order: 3, 32768 bytes)
[    0.200053] pinctrl core: initialized pinctrl subsystem
[    0.204182] RTC time: 20:19:33, date: 01/27/20
[    0.205487] NET: Registered protocol family 16
[    0.208112] audit: initializing netlink subsys (disabled)
[    0.209579] audit: type=2000 audit(1580156379.100:1): state=initialized audit_enabled=0 res=1
[    0.212020] cpuidle: using governor ladder
[    0.213199] cpuidle: using governor menu
[    0.214271] ACPI: bus type PCI registered
[    0.215418] acpiphp: ACPI Hot Plug PCI Controller Driver version: 0.5
[    0.216120] PCI: Using configuration type 1 for base access
[    0.220646] HugeTLB registered 2.00 MiB page size, pre-allocated 0 pages
[    0.224115] ACPI: Added _OSI(Module Device)
[    0.225247] ACPI: Added _OSI(Processor Device)
[    0.228010] ACPI: Added _OSI(3.0 _SCP Extensions)
[    0.229267] ACPI: Added _OSI(Processor Aggregator Device)
[    0.230666] ACPI: Added _OSI(Linux-Dell-Video)
[    0.232011] ACPI: Added _OSI(Linux-Lenovo-NV-HDMI-Audio)
[    0.233526] ACPI: Added _OSI(Linux-HPI-Hybrid-Graphics)
[    0.235673] ACPI: Executed 1 blocks of module-level executable AML code
[    0.244479] ACPI: Interpreter enabled
[    0.245726] ACPI: (supports S0 S5)
[    0.246861] ACPI: Using IOAPIC for interrupt routing
[    0.248402] PCI: Using host bridge windows from ACPI; if necessary, use "pci=nocrs" and report a bug
[    0.251520] ACPI: Enabled 2 GPEs in block 00 to 07
[    0.266028] ACPI: PCI Root Bridge [PCI0] (domain 0000 [bus 00-ff])
[    0.267838] acpi PNP0A03:00: _OSC: OS supports [ASPM ClockPM Segments MSI]
[    0.269092] acpi PNP0A03:00: _OSC: not requesting OS control; OS requires [ExtendedConfig ASPM ClockPM MSI]
[    0.272027] acpi PNP0A03:00: fail to add MMCONFIG information, can't access extended PCI configuration space under this bridge.
[    0.276689] PCI host bridge to bus 0000:00
[    0.277726] pci_bus 0000:00: root bus resource [io  0x0000-0x0cf7 window]
[    0.279250] pci_bus 0000:00: root bus resource [io  0x0d00-0xffff window]
[    0.280004] pci_bus 0000:00: root bus resource [mem 0x000a0000-0x000bffff window]
[    0.281696] pci_bus 0000:00: root bus resource [mem 0x40000000-0xfdffffff window]
[    0.284009] pci_bus 0000:00: root bus resource [bus 00-ff]
[    0.289519] pci 0000:00:01.1: legacy IDE quirk: reg 0x10: [io  0x01f0-0x01f7]
[    0.292011] pci 0000:00:01.1: legacy IDE quirk: reg 0x14: [io  0x03f6]
[    0.294518] pci 0000:00:01.1: legacy IDE quirk: reg 0x18: [io  0x0170-0x0177]
[    0.296006] pci 0000:00:01.1: legacy IDE quirk: reg 0x1c: [io  0x0376]
[    0.329295] pci 0000:00:07.0: quirk: [io  0x4000-0x403f] claimed by PIIX4 ACPI
[    0.332000] pci 0000:00:07.0: quirk: [io  0x4100-0x410f] claimed by PIIX4 SMB
[    0.346166] ACPI: PCI Interrupt Link [LNKA] (IRQs 5 9 10 *11)
[    0.348176] ACPI: PCI Interrupt Link [LNKB] (IRQs 5 9 *10 11)
[    0.350066] ACPI: PCI Interrupt Link [LNKC] (IRQs 5 *9 10 11)
[    0.352251] ACPI: PCI Interrupt Link [LNKD] (IRQs 5 9 10 *11)
[    0.354580] SCSI subsystem initialized
[    0.356071] pci 0000:00:02.0: vgaarb: setting as boot VGA device
[    0.357742] pci 0000:00:02.0: vgaarb: VGA device added: decodes=io+mem,owns=io+mem,locks=none
[    0.360014] pci 0000:00:02.0: vgaarb: bridge control possible
[    0.361854] vgaarb: loaded
[    0.362894] ACPI: bus type USB registered
[    0.364054] usbcore: registered new interface driver usbfs
[    0.365831] usbcore: registered new interface driver hub
[    0.368045] usbcore: registered new device driver usb
[    0.369670] EDAC MC: Ver: 3.0.0
[    0.372378] PCI: Using ACPI for IRQ routing
[    0.373710] NetLabel: Initializing
[    0.374870] NetLabel:  domain hash size = 128
[    0.376005] NetLabel:  protocols = UNLABELED CIPSOv4 CALIPSO
[    0.377755] NetLabel:  unlabeled traffic allowed by default
[    0.380174] clocksource: Switched to clocksource kvm-clock
[    0.408441] VFS: Disk quotas dquot_6.6.0
[    0.410106] VFS: Dquot-cache hash table entries: 512 (order 0, 4096 bytes)
[    0.412439] AppArmor: AppArmor Filesystem Enabled
[    0.413894] pnp: PnP ACPI init
[    0.417242] pnp: PnP ACPI: found 3 devices
[    0.435987] clocksource: acpi_pm: mask: 0xffffff max_cycles: 0xffffff, max_idle_ns: 2085701024 ns
[    0.438849] NET: Registered protocol family 2
[    0.440424] TCP established hash table entries: 8192 (order: 4, 65536 bytes)
[    0.442474] TCP bind hash table entries: 8192 (order: 5, 131072 bytes)
[    0.450215] TCP: Hash tables configured (established 8192 bind 8192)
[    0.452183] UDP hash table entries: 512 (order: 2, 16384 bytes)
[    0.453761] UDP-Lite hash table entries: 512 (order: 2, 16384 bytes)
[    0.455679] NET: Registered protocol family 1
[    0.457086] pci 0000:00:00.0: Limiting direct PCI/PCI transfers
[    0.458888] pci 0000:00:01.0: Activating ISA DMA hang workarounds
[    0.460621] pci 0000:00:02.0: Video device with shadowed ROM at [mem 0x000c0000-0x000dffff]
[    0.462656] Unpacking initramfs...
[    1.044061] Freeing initrd memory: 19200K
[    1.045280] clocksource: tsc: mask: 0xffffffffffffffff max_cycles: 0x27178c274f7, max_idle_ns: 440795238189 ns
[    1.048235] platform rtc_cmos: registered platform RTC device (no PNP device found)
[    1.050706] Scanning for low memory corruption every 60 seconds
[    1.054797] Initialise system trusted keyrings
[    1.057423] Key type blacklist registered
[    1.059560] workingset: timestamp_bits=36 max_order=18 bucket_order=0
[    1.064739] zbud: loaded
[    1.067349] squashfs: version 4.0 (2009/01/31) Phillip Lougher
[    1.070411] fuse init (API version 7.26)
[    1.081185] Key type asymmetric registered
[    1.083924] Asymmetric key parser 'x509' registered
[    1.087087] Block layer SCSI generic (bsg) driver version 0.4 loaded (major 246)
[    1.091413] io scheduler noop registered
[    1.094244] io scheduler deadline registered
[    1.097570] io scheduler cfq registered (default)
[    1.102093] ACPI: AC Adapter [AC] (off-line)
[    1.105243] input: Power Button as /devices/LNXSYSTM:00/LNXPWRBN:00/input/input0
[    1.109685] ACPI: Power Button [PWRF]
[    1.112654] input: Sleep Button as /devices/LNXSYSTM:00/LNXSLPBN:00/input/input1
[    1.118061] ACPI: Sleep Button [SLPF]
[    1.122482] ACPI: Battery Slot [BAT0] (battery present)
[    1.127050] Serial: 8250/16550 driver, 32 ports, IRQ sharing enabled
[    1.153076] 00:02: ttyS0 at I/O 0x3f8 (irq = 4, base_baud = 115200) is a 16550A
[    1.171125] Linux agpgart interface v0.103
[    1.178165] loop: module loaded
[    1.181403] scsi host0: ata_piix
[    1.183906] scsi host1: ata_piix
[    1.186534] ata1: PATA max UDMA/33 cmd 0x1f0 ctl 0x3f6 bmdma 0xd000 irq 14
[    1.190586] ata2: PATA max UDMA/33 cmd 0x170 ctl 0x376 bmdma 0xd008 irq 15
[    1.193963] libphy: Fixed MDIO Bus: probed
[    1.197171] tun: Universal TUN/TAP device driver, 1.6
[    1.201298] PPP generic driver version 2.4.2
[    1.204656] ehci_hcd: USB 2.0 'Enhanced' Host Controller (EHCI) Driver
[    1.210003] ehci-pci: EHCI PCI platform driver
[    1.213422] ehci-platform: EHCI generic platform driver
[    1.216798] ohci_hcd: USB 1.1 'Open' Host Controller (OHCI) Driver
[    1.221476] ohci-pci: OHCI PCI platform driver
[    1.224654] ohci-platform: OHCI generic platform driver
[    1.227966] uhci_hcd: USB Universal Host Controller Interface driver
[    1.231962] i8042: PNP: PS/2 Controller [PNP0303:PS2K,PNP0f03:PS2M] at 0x60,0x64 irq 1,12
[    1.236791] serio: i8042 KBD port at 0x60,0x64 irq 1
[    1.238862] serio: i8042 AUX port at 0x60,0x64 irq 12
[    1.241227] mousedev: PS/2 mouse device common for all mice
[    1.245185] input: AT Translated Set 2 keyboard as /devices/platform/i8042/serio0/input/input2
[    1.248189] rtc_cmos rtc_cmos: rtc core: registered rtc_cmos as rtc0
[    1.251819] rtc_cmos rtc_cmos: alarms up to one day, 114 bytes nvram
[    1.253762] i2c /dev entries driver
[    1.255005] device-mapper: uevent: version 1.0.3
[    1.256736] device-mapper: ioctl: 4.37.0-ioctl (2017-09-20) initialised: dm-devel@redhat.com
[    1.259545] ledtrig-cpu: registered to indicate activity on CPUs
[    1.262705] NET: Registered protocol family 10
[    1.272123] Segment Routing with IPv6
[    1.273375] NET: Registered protocol family 17
[    1.274965] Key type dns_resolver registered
[    1.276828] mce: Using 0 MCE banks
[    1.278177] RAS: Correctable Errors collector initialized.
[    1.279858] sched_clock: Marking stable (1276792705, 0)->(1652156344, -375363639)
[    1.283597] registered taskstats version 1
[    1.285267] Loading compiled-in X.509 certificates
[    1.291986] Loaded X.509 cert 'Build time autogenerated kernel key: 62d24f9c726e026b112735485dad6e6e4b50c923'
[    1.295836] zswap: loaded using pool lzo/zbud
[    1.303972] Key type big_key registered
[    1.305295] Key type trusted registered
[    1.309655] Key type encrypted registered
[    1.310978] AppArmor: AppArmor sha1 policy hashing enabled
[    1.312701] ima: No TPM chip found, activating TPM-bypass! (rc=-19)
[    1.314461] ima: Allocated hash algorithm: sha1
[    1.316413] evm: HMAC attrs: 0x1
[    1.318216]   Magic number: 4:392:347
[    1.320215]  pci0000:00: hash matches
[    1.321768] rtc_cmos rtc_cmos: setting system clock to 2020-01-27 20:19:34 UTC (1580156374)
[    1.324771] BIOS EDD facility v0.16 2004-Jun-25, 0 devices found
[    1.327372] EDD information not available.
[    1.361880] Freeing unused kernel image memory: 2428K
[    1.373011] Write protecting the kernel read-only data: 20480k
[    1.376220] Freeing unused kernel image memory: 2008K
[    1.378887] Freeing unused kernel image memory: 1884K
[    1.400975] x86/mm: Checked W+X mappings: passed, no W+X pages found.
[    1.403753] x86/mm: Checking user space page tables
[    1.434984] x86/mm: Checked W+X mappings: passed, no W+X pages found.
Loading, please wait...
starting version 237
[    1.580709] Fusion MPT base driver 3.04.20
[    1.581918] Copyright (c) 1999-2008 LSI Corporation
[    1.586739] e1000: Intel(R) PRO/1000 Network Driver - version 7.3.21-k8-NAPI
[    1.589199] e1000: Copyright (c) 1999-2006 Intel Corporation.
[    1.623188] AVX2 version of gcm_enc/dec engaged.
[    1.624836] AES CTR mode by8 optimization enabled
[    1.631944] Fusion MPT SPI Host driver 3.04.20
[    1.822850] input: ImExPS/2 Generic Explorer Mouse as /devices/platform/i8042/serio1/input/input4
[    2.156738] e1000 0000:00:03.0 eth0: (PCI:33MHz:32-bit) 02:22:e7:1f:39:14
[    2.159812] e1000 0000:00:03.0 eth0: Intel(R) PRO/1000 Network Connection
[    2.167468] e1000 0000:00:03.0 enp0s3: renamed from eth0
[    2.168286] mptbase: ioc0: Initiating bringup
[    2.290292] ioc0: LSI53C1030 A0: Capabilities={Initiator}
[    4.042655] scsi host2: ioc0: LSI53C1030 A0, FwRev=00000000h, Ports=1, MaxQ=256, IRQ=20
[    4.489096] scsi 2:0:0:0: Direct-Access     VBOX     HARDDISK         1.0  PQ: 0 ANSI: 5
[    4.524382] scsi target2:0:0: Beginning Domain Validation
[    4.538309] scsi target2:0:0: Domain Validation skipping write tests
[    4.542969] scsi target2:0:0: Ending Domain Validation
[    4.547314] scsi target2:0:0: asynchronous
[    4.553239] scsi 2:0:1:0: Direct-Access     VBOX     HARDDISK         1.0  PQ: 0 ANSI: 5
[    4.588238] scsi target2:0:1: Beginning Domain Validation
[    4.597288] random: fast init done
[    4.604084] scsi target2:0:1: Domain Validation skipping write tests
[    4.609817] scsi target2:0:1: Ending Domain Validation
[    4.613815] scsi target2:0:1: asynchronous
[    4.635741] sd 2:0:0:0: Attached scsi generic sg0 type 0
[    4.635765] random: systemd-udevd: uninitialized urandom read (16 bytes read)
[    4.642375] sd 2:0:1:0: Attached scsi generic sg1 type 0
[    4.647671] sd 2:0:0:0: [sda] 20971520 512-byte logical blocks: (10.7 GB/10.0 GiB)
[    4.655943] random: systemd-udevd: uninitialized urandom read (16 bytes read)
[    4.660909] random: systemd-udevd: uninitialized urandom read (16 bytes read)
[    4.666066] sd 2:0:0:0: [sda] Write Protect is off
[    4.666084] sd 2:0:1:0: [sdb] 20480 512-byte logical blocks: (10.5 MB/10.0 MiB)
[    4.673458] sd 2:0:1:0: [sdb] Write Protect is off
[    4.674991] sd 2:0:0:0: [sda] Incomplete mode parameter data
[    4.678909] sd 2:0:0:0: [sda] Assuming drive cache: write through
[    4.681584] sd 2:0:1:0: [sdb] Incomplete mode parameter data
[    4.683699] sd 2:0:1:0: [sdb] Assuming drive cache: write through
[    4.689469]  sda: sda1
[    4.692314] sd 2:0:0:0: [sda] Attached SCSI disk
[    4.694068] sd 2:0:1:0: [sdb] Attached SCSI disk
Begin: Loading essential drivers ... [    6.700959] raid6: sse2x1   gen()  6053 MB/s
[    6.748142] raid6: sse2x1   xor()  4155 MB/s
[    6.796066] raid6: sse2x2   gen()  7191 MB/s
[    6.844805] raid6: sse2x2   xor()  4771 MB/s
[    6.892695] raid6: sse2x4   gen()  7469 MB/s
[    6.940504] raid6: sse2x4   xor()  6101 MB/s
[    6.988221] raid6: avx2x1   gen() 12911 MB/s
[    7.036062] raid6: avx2x1   xor()  6728 MB/s
[    7.084033] raid6: avx2x2   gen() 13483 MB/s
[    7.132696] raid6: avx2x2   xor()  5632 MB/s
[    7.180513] raid6: avx2x4   gen() 12719 MB/s
[    7.228316] raid6: avx2x4   xor()  9768 MB/s
[    7.229522] raid6: using algorithm avx2x2 gen() 13483 MB/s
[    7.231169] raid6: .... xor() 5632 MB/s, rmw enabled
[    7.232757] raid6: using avx2x2 recovery algorithm
[    7.235963] xor: automatically using best checksumming function   avx       
[    7.240512] async_tx: api initialized (async)
done.
Begin: Running /scripts/init-premount ... done.
Begin: Mounting root file system ... Begin: Running /scripts/local-top ... done.
Begin: Running /scripts/local-premount ... [    7.313202] Btrfs loaded, crc32c=crc32c-intel
Scanning for Btrfs filesystems
done.
Warning: fsck not present, so skipping root file system
[    7.357532] EXT4-fs (sda1): mounted filesystem with ordered data mode. Opts: (null)
done.
Begin: Running /scripts/local-bottom ... done.
Begin: Running /scripts/init-bottom ... done.
[    7.725511] ip_tables: (C) 2000-2006 Netfilter Core Team
[    7.749623] systemd[1]: systemd 237 running in system mode. (+PAM +AUDIT +SELINUX +IMA +APPARMOR +SMACK +SYSVINIT +UTMP +LIBCRYPTSETUP +GCRYPT +GNUTLS +ACL +XZ +LZ4 +SECCOMP +BLKID +ELFUTILS +KMOD -IDN2 +IDN -PCRE2 default-hierarchy=hybrid)
[    7.764408] systemd[1]: Detected virtualization oracle.
[    7.768571] systemd[1]: Detected architecture x86-64.

Welcome to [1mUbuntu 18.04.3 LTS[0m!

[    7.786825] systemd[1]: Set hostname to <ubuntu>.
[    7.800093] systemd[1]: Initializing machine ID from random generator.
[    7.804324] systemd[1]: Installed transient /etc/machine-id file.
[    8.368013] systemd[1]: Reached target User and Group Name Lookups.
[[0;32m  OK  [0m] Reached target User and Group Name Lookups.
[    8.373137] systemd[1]: Created slice System Slice.
[[0;32m  OK  [0m] Created slice System Slice.
[    8.393160] systemd[1]: Listening on Journal Socket (/dev/log).
[[0;32m  OK  [0m] Listening on Journal Socket (/dev/log).
[    8.396901] systemd[1]: Listening on Journal Socket.
[[0;32m  OK  [0m] Listening on Journal Socket.
[[0;32m  OK  [0m] Listening on Syslog Socket.
         Mounting POSIX Message Queue File System...
         Starting Uncomplicated firewall...
[[0;32m  OK  [0m] Created slice User and Session Slice.
[[0;32m  OK  [0m] Reached target Slices.
[[0;32m  OK  [0m] Reached target System Time Synchronized.
         Mounting Huge Pages File System...
         Starting Create list of required st…ce nodes for the current kernel...
[[0;32m  OK  [0m] Set up automount Arbitrary Executab…rmats File System Automount Point.
[[0;32m  OK  [0m] Listening on udev Control Socket.
         Starting Set the console keyboard layout...
[[0;32m  OK  [0m] Listening on Journal Audit Socket.
[[0;32m  OK  [0m] Started Forward Password Requests to Wall Directory Watch.
[[0;32m  OK  [0m] Reached target Swap.
         Starting Remount Root and Kernel File Systems...
[[0;32m  OK  [0m] Listening on /dev/initctl Compatibility Named Pipe.
[[0;32m  OK  [0m] Listening on LVM2 poll daemon socket.
[[0;32m  OK  [0m] Listening on Device-mapper event daemon FIFOs.
[[0;32m  OK  [0m] Listening on Network Service Netlink Socket.
[[0;32m  OK  [0m] Listening on udev Kernel Socket.
         Starting udev Coldplug all Devices...
[[0;32m  OK  [0m] Listening on LVM2 metadata daemon socket.
         Starting Monitoring of LVM2 mirrors…ng dmeventd or progress polling...
         Starting Journal Service...
         Mounting Kernel Debug File System...
[[0;32m  OK  [0m] Created slice system-serial\x2dgetty.slice.
         Starting Load Kernel Modules...
[[0;32m  OK  [0m] Mounted POSIX Message Queue File System.
[[0;32m  OK  [0m] Started Uncomplicated firewall.
[[0;32m  OK  [0m] Mounted Huge Pages File System.
[    9.538713] EXT4-fs (sda1): re-mounted. Opts: (null)
[[0;32m  OK  [0m] Started Create list of required sta…vice nodes for the current kernel.
[[0;32m  OK  [0m] Started Remount Root and Kernel File Systems.
[[0;32m  OK  [0m] Mounted Kernel Debug File System.
[[0;32m  OK  [0m] Started LVM2 metadata daemon.
         Starting Load/Save Random Seed...
         Starting Create Static Device Nodes in /dev...
[[0;32m  OK  [0m] Started Load/Save Random Seed.
[[0;32m  OK  [0m] Started Journal Service.
[    9.643657] Loading iSCSI transport class v2.0-870.
         Starting Flush Journal to Persistent Storage...
[[0;32m  OK  [0m] Started Monitoring of LVM2 mirrors,…sing dmeventd or progress polling.
[[0;32m  OK  [0m] Started udev Coldplug all Devices.
[    9.722119] iscsi: registered transport (tcp)
[    9.745778] iscsi: registered transport (iser)
[[0;32m  OK  [0m] Started Load Kernel Modules.
[[0;32m  OK  [0m] Started Create Static Device Nodes in /dev.
[    9.758660] systemd-journald[390]: Received request to flush runtime journal from PID 1
         Starting udev Kernel Device Manager...
         Mounting FUSE Control File System...
         Mounting Kernel Configuration File System...
         Starting Apply Kernel Variables...
[[0;32m  OK  [0m] Mounted FUSE Control File System.
[[0;32m  OK  [0m] Mounted Kernel Configuration File System.
[[0;32m  OK  [0m] Started Flush Journal to Persistent Storage.
[[0;32m  OK  [0m] Started Apply Kernel Variables.
[[0;32m  OK  [0m] Started Set the console keyboard layout.
[[0;32m  OK  [0m] Reached target Local File Systems (Pre).
[[0;32m  OK  [0m] Reached target Local File Systems.
         Starting Create Volatile Files and Directories...
         Starting Commit a transient machine-id on disk...
         Starting Set console font and keymap...
         Starting ebtables ruleset management...
         Starting AppArmor initialization...
         Starting Tell Plymouth To Write Out Runtime Data...
[[0;32m  OK  [0m] Started udev Kernel Device Manager.
[[0;32m  OK  [0m] Started Dispatch Password Requests to Console Directory Watch.
[[0;32m  OK  [0m] Reached target Local Encrypted Volumes.
[[0;32m  OK  [0m] Started Create Volatile Files and Directories.
         Starting Update UTMP about System Boot/Shutdown...
[[0;32m  OK  [0m] Started Set console font and keymap.
[[0;32m  OK  [0m] Started Tell Plymouth To Write Out Runtime Data.
[[0;32m  OK  [0m] Started Update UTMP about System Boot/Shutdown.
[[0;32m  OK  [0m] Started Commit a transient machine-id on disk.
[[0;32m  OK  [0m] Started ebtables ruleset management.
[[0;32m  OK  [0m] Found device /dev/ttyS0.
[[0;32m  OK  [0m] Listening on Load/Save RF Kill Switch Status /dev/rfkill Watch.
[[0;32m  OK  [0m] Started AppArmor initialization.
         Starting Initial cloud-init job (pre-networking)...
[   15.552621] cloud-init[538]: Cloud-init v. 19.3-41-gc4735dd3-0ubuntu1~18.04.1 running 'init-local' at Mon, 27 Jan 2020 20:19:47 +0000. Up 14.55 seconds.
[[0;32m  OK  [0m] Started Initial cloud-init job (pre-networking).
[[0;32m  OK  [0m] Reached target Network (Pre).
         Starting Network Service...
[[0;32m  OK  [0m] Started Network Service.
         Starting Network Name Resolution...
         Starting Wait for Network to be Configured...
[[0;32m  OK  [0m] Started Network Name Resolution.
[[0;32m  OK  [0m] Reached target Network.
[[0;32m  OK  [0m] Reached target Host and Network Name Lookups.
[[0;32m  OK  [0m] Started Wait for Network to be Configured.
         Starting Initial cloud-init job (metadata service crawler)...
[   18.718746] cloud-init[659]: Cloud-init v. 19.3-41-gc4735dd3-0ubuntu1~18.04.1 running 'init' at Mon, 27 Jan 2020 20:19:51 +0000. Up 18.22 seconds.
[   18.721778] cloud-init[659]: ci-info: ++++++++++++++++++++++++++++++++++++++Net device info++++++++++++++++++++++++++++++++++++++
[   18.724799] cloud-init[659]: ci-info: +--------+------+----------------------------+---------------+--------+-------------------+
[   18.727417] cloud-init[659]: ci-info: | Device |  Up  |          Address           |      Mask     | Scope  |     Hw-Address    |
[   18.731852] cloud-init[659]: ci-info: +--------+------+----------------------------+---------------+--------+-------------------+
[   18.735619] cloud-init[659]: ci-info: | enp0s3 | True |         10.0.2.15          | 255.255.255.0 | global | 02:22:e7:1f:39:14 |
[   18.739470] cloud-init[659]: ci-info: | enp0s3 | True | fe80::22:e7ff:fe1f:3914/64 |       .       |  link  | 02:22:e7:1f:39:14 |
[   18.745462] cloud-init[659]: ci-info: |   lo   | True |         127.0.0.1          |   255.0.0.0   |  host  |         .         |
[   18.751129] cloud-init[659]: ci-info: |   lo   | True |          ::1/128           |       .       |  host  |         .         |
[   18.755167] cloud-init[659]: ci-info: +--------+------+----------------------------+---------------+--------+-------------------+
[   18.758762] cloud-init[659]: ci-info: ++++++++++++++++++++++++++++Route IPv4 info+++++++++++++++++++++++++++++
[   18.761516] cloud-init[659]: ci-info: +-------+-------------+----------+-----------------+-----------+-------+
[   18.765621] cloud-init[659]: ci-info: | Route | Destination | Gateway  |     Genmask     | Interface | Flags |
[   18.770203] cloud-init[659]: ci-info: +-------+-------------+----------+-----------------+-----------+-------+
[   18.776248] cloud-init[659]: ci-info: |   0   |   0.0.0.0   | 10.0.2.2 |     0.0.0.0     |   enp0s3  |   UG  |
[   18.779502] cloud-init[659]: ci-info: |   1   |   10.0.2.0  | 0.0.0.0  |  255.255.255.0  |   enp0s3  |   U   |
[   18.783216] cloud-init[659]: ci-info: |   2   |   10.0.2.2  | 0.0.0.0  | 255.255.255.255 |   enp0s3  |   UH  |
[   18.785947] cloud-init[659]: ci-info: +-------+-------------+----------+-----------------+-----------+-------+
[   18.788858] cloud-init[659]: ci-info: +++++++++++++++++++Route IPv6 info+++++++++++++++++++
[   18.791400] cloud-init[659]: ci-info: +-------+-------------+---------+-----------+-------+
[   18.793386] cloud-init[659]: ci-info: | Route | Destination | Gateway | Interface | Flags |
[   18.795451] cloud-init[659]: ci-info: +-------+-------------+---------+-----------+-------+
[   18.797582] cloud-init[659]: ci-info: |   1   |  fe80::/64  |    ::   |   enp0s3  |   U   |
[   18.800149] cloud-init[659]: ci-info: |   3   |    local    |    ::   |   enp0s3  |   U   |
[   18.802367] cloud-init[659]: ci-info: |   4   |   ff00::/8  |    ::   |   enp0s3  |   U   |
[   18.808451] cloud-init[659]: ci-info: +-------+-------------+---------+-----------+-------+
[   19.616886] cloud-init[659]: Generating public/private rsa key pair.
[   19.618283] cloud-init[659]: Your identification has been saved in /etc/ssh/ssh_host_rsa_key.
[   19.620571] cloud-init[659]: Your public key has been saved in /etc/ssh/ssh_host_rsa_key.pub.
[   19.622464] cloud-init[659]: The key fingerprint is:
[   19.623663] cloud-init[659]: SHA256:XxR3o8YcZqhBzyHj2VLOGV/4p3z9TqD6PslIuPgsLFw root@ubuntu-bionic
[   19.625533] cloud-init[659]: The key's randomart image is:
[   19.627424] cloud-init[659]: +---[RSA 2048]----+
[   19.629178] cloud-init[659]: |        .+ +o+oo.|
[   19.630836] cloud-init[659]: |        ..@.X++..|
[   19.632965] cloud-init[659]: |         +oB.*.  |
[   19.639826] cloud-init[659]: |         ....  ..|
[   19.644507] cloud-init[659]: |        S.  ....o|
[   19.648602] cloud-init[659]: |      E .... .o.o|
[   19.651094] cloud-init[659]: |   . o . o.o.. .o|
[   19.653492] cloud-init[659]: |    o +.. ..+  ..|
[   19.664444] cloud-init[659]: |     . oo .oo. ..|
[   19.666681] cloud-init[659]: +----[SHA256]-----+
[   19.668740] cloud-init[659]: Generating public/private dsa key pair.
[   19.670690] cloud-init[659]: Your identification has been saved in /etc/ssh/ssh_host_dsa_key.
[   19.673248] cloud-init[659]: Your public key has been saved in /etc/ssh/ssh_host_dsa_key.pub.
[   19.675326] cloud-init[659]: The key fingerprint is:
[   19.677206] cloud-init[659]: SHA256:nnNJU0CSE/nGAmeoPl4xAONQU6U4fzqvrl2g/MrJdoo root@ubuntu-bionic
[   19.679152] cloud-init[659]: The key's randomart image is:
[   19.680764] cloud-init[659]: +---[DSA 1024]----+
[   19.682357] cloud-init[659]: |..=o....o=o      |
[   19.683718] cloud-init[659]: | o +..o *. .     |
[   19.685170] cloud-init[659]: |  + .o + +  .    |
[   19.700573] cloud-init[659]: |   o. o . +.     |
[   19.703793] cloud-init[659]: |   .o .oSoo      |
[   19.705383] cloud-init[659]: | . .o+.. o o     |
[   19.706791] cloud-init[659]: |  o.oo. + o      |
[   19.708647] cloud-init[659]: | +.+o+   o       |
[   19.710675] cloud-init[659]: |E.B*=..          |
[   19.712075] cloud-init[659]: +----[SHA256]-----+
[   19.713558] cloud-init[659]: Generating public/private ecdsa key pair.
[   19.715718] cloud-init[659]: Your identification has been saved in /etc/ssh/ssh_host_ecdsa_key.
[[0;32m  OK  [0m] Started Initial cloud-init job (metadata service crawler).
[   19.730437] cloud-init[659]: Your public key has been saved in /etc/ssh/ssh_host_ecdsa_key.pub.
[   19.732216] [[0;32m  OK  [0m] Reached target Cloud-config availability.
[[0;32m  OK  [0m] Reached target System Initialization.
cloud-init[659]: The key fingerprint is:
[[0;32m  OK  [0m] Started Message of the Day.
[   19.736974] [[0;32m  OK  [0m] Listening on UUID daemon activation socket.
[[0;32m  OK  [0m] Listening on ACPID Listen Socket.
[[0;32m  OK  [0m] Listening on D-Bus System Message Bus Socket.
[[0;32m  OK  [0m] Listening on Open-iSCSI iscsid Socket.
[[0;32m  OK  [0m] Started Daily Cleanup of Temporary Directories.
[[0;32m  OK  [0m] Started Daily apt download activities.
[[0;32m  OK  [0m] Started Daily apt upgrade and clean activities.
cloud-init[659]: SHA256:affLqXJNUtAK5LXUsAWwpLVq+Nt5KjhsC0YphlGmpKc root@ubuntu-bionic
[[0;32m  OK  [0m] Started ACPI Events Check.
[   19.746483]          Starting LXD - unix socket.
cloud-init[659]: The key's randomart image is:
[   19.749320]          Starting Socket activation for snappy daemon.
[[0;32m  OK  [0m] Started Discard unused blocks once a week.
[[0;32m  OK  [0m] Reached target Timers.
[[0;32m  OK  [0m] Reached target Paths.
[[0;32m  OK  [0m] Reached target Network is Online.
[[0;32m  OK  [0m] Reached target Remote File Systems (Pre).
[cloud-init[659]: +---[ECDSA 256]---+
[   19.762591] cloud-init[659]: | .o    .=.==.    |
[   19.762912] cloud-init[659]: |o+     =.=.+o    |
[   19.762993] cloud-init[659]: |+ .   . +.oo     |
[   19.763062] cloud-init[659]: |.+ . . . .. .    |
[   19.763123] cloud-init[659]: |E.o . o S ..     |
[   19.763184] cloud-init[659]: |.o   o . ....    |
[   19.763246] cloud-init[659]: |  o. ..    +.    |
[   19.763307] cloud-init[659]: | . .= .o..o..o   |
[0;32m  OK  [0m] Reached target Remote File Systems.
         Starting Availability of block devices...
[[0;32m  OK  [0m] Listening on LXD - unix socket.
[[0;32m  OK  [0m] Listening on Socket activation for snappy daemon.
[[0;32m  OK  [0m] Reached target Sockets.
[[0;32m  OK  [0m] Reached target Basic System.
[[0;32m  OK  [0m] Started FUSE filesystem for LXC.
[   19.791850] cloud-init[659]: |   ..o..+=..+    |
[   19.796163]          Starting Pollinate to seed the pseudo random number generator...
cloud-init[659]: +----[SHA256]-----+
         Starting Virtualbox guest utils...
[   19.803603] cloud-init[659]: Generating public/private ed25519 key pair.
         Starting Permit User Sessions...
[   19.822928] cloud-init[659]: Your identification has been saved in /etc/ssh/ssh_host_ed25519_key.
[   19.825625] cloud-init[659]: Your public key has been saved in /etc/ssh/ssh_host_ed25519_key.pub.
[   19.828542] cloud-init[659]: The key fingerprint is:
[   19.830560] cloud-init[659]: SHA256:0EeRL3oVXqtG0+/Lj+GnMJwV5HbnRU9Z1HbxFGyNROo root@ubuntu-bionic
[   19.833844] cloud-init[659]: The key's randomart image is:
[   19.837087] cloud-init[659]: +--[ED25519 256]--+
[   19.840165] cloud-init[659]: |          oo o==&|
[   19.842260] cloud-init[659]: |       . .. .+oBB|
[   19.858486] [[0;32m  OK  [0m] Started Regular background program processing daemon.
cloud-init[659]: |      . . .o.+=oB|
[   19.863756] cloud-init[659]: |       . ...*.o+o|
[   19.865861] cloud-init[659]: |        S. +Eo...|
[[0;32m  OK  [0m] Started irqbalance daemon.
         Starting LSB: automatic crash report generation...
[   19.883158] cloud-init[659]: |        . ..oo  .|
[   19.890338] cloud-init[659]: |         . .= .. |
         Starting Accounts Service...
[[0;32m  OK  [0m] Started D-Bus System Message Bus.
[   19.895484] cloud-init[659]: |             +.oo|
[   19.902842] cloud-init[659]: |              +=+|
[   19.904276] cloud-init[659]: +----[SHA256]-----+
         Starting Login Service...
         Starting Dispatcher daemon for systemd-networkd...
         Starting Snappy daemon...
[[0;32m  OK  [0m] Started Deferred execution scheduler.
         Starting LSB: Record successful boot for GRUB...
         Starting System Logging Service...
         Starting LXD - container startup/shutdown...
[[0;32m  OK  [0m] Started Availability of block devices.
[[0;32m  OK  [0m] Started Permit User Sessions.
[[0;32m  OK  [0m] Started System Logging Service.
         Starting Authorization Manager...
         Starting Terminate Plymouth Boot Screen...
         Starting Hold until boot process finishes up...
[[0;32m  OK  [0m] Started Hold until boot process finishes up.
[[0;32m  OK  [0m] Started Terminate Plymouth Boot Screen.
[[0;32m  OK  [0m] Started Serial Getty on ttyS0.
         Starting Set console scheme...
[[0;32m  OK  [0m] Started Authorization Manager.
[[0;32m  OK  [0m] Started Accounts Service.
[[0;32m  OK  [0m] Started Login Service.
[[0;32m  OK  [0m] Started Unattended Upgrades Shutdown.
[[0;32m  OK  [0m] Started Set console scheme.
[[0;32m  OK  [0m] Created slice system-getty.slice.
[[0;32m  OK  [0m] Started Getty on tty1.
[[0;32m  OK  [0m] Reached target Login Prompts.
[[0;32m  OK  [0m] Started LSB: Record successful boot for GRUB.
[[0;32m  OK  [0m] Started LSB: automatic crash report generation.
[[0;32m  OK  [0m] Started Virtualbox guest utils.
[[0;32m  OK  [0m] Started LXD - container startup/shutdown.
[[0;32m  OK  [0m] Started Dispatcher daemon for systemd-networkd.
[[0;32m  OK  [0m] Started Snappy daemon.
         Starting Wait until snapd is fully seeded...
[[0;32m  OK  [0m] Started Pollinate to seed the pseudo random number generator.
         Starting OpenBSD Secure Shell server...
[[0;32m  OK  [0m] Started OpenBSD Secure Shell server.
[[0;32m  OK  [0m] Created slice User Slice of vagrant.
         Starting User Manager for UID 1000...
[[0;32m  OK  [0m] Started Session 1 of user vagrant.
[[0;32m  OK  [0m] Started User Manager for UID 1000.
[[0;32m  OK  [0m] Started Wait until snapd is fully seeded.
         Starting Apply the settings specified in cloud-config...
[[0;32m  OK  [0m] Reached target Multi-User System.
[[0;32m  OK  [0m] Reached target Graphical Interface.
         Starting Update UTMP about System Runlevel Changes...
[[0;32m  OK  [0m] Started Update UTMP about System Runlevel Changes.
[   24.441821] cloud-init[1130]: Cloud-init v. 19.3-41-gc4735dd3-0ubuntu1~18.04.1 running 'modules:config' at Mon, 27 Jan 2020 20:19:56 +0000. Up 23.40 seconds.
[[0;32m  OK  [0m] Started Apply the settings specified in cloud-config.
         Starting Execute cloud user/final scripts...
ci-info: no authorized ssh keys fingerprints found for user ubuntu.
<14>Jan 27 20:19:59 ec2: 
<14>Jan 27 20:19:59 ec2: #############################################################
<14>Jan 27 20:19:59 ec2: -----BEGIN SSH HOST KEY FINGERPRINTS-----
<14>Jan 27 20:19:59 ec2: 1024 SHA256:nnNJU0CSE/nGAmeoPl4xAONQU6U4fzqvrl2g/MrJdoo root@ubuntu-bionic (DSA)
<14>Jan 27 20:19:59 ec2: 256 SHA256:affLqXJNUtAK5LXUsAWwpLVq+Nt5KjhsC0YphlGmpKc root@ubuntu-bionic (ECDSA)
<14>Jan 27 20:19:59 ec2: 256 SHA256:0EeRL3oVXqtG0+/Lj+GnMJwV5HbnRU9Z1HbxFGyNROo root@ubuntu-bionic (ED25519)
<14>Jan 27 20:19:59 ec2: 2048 SHA256:XxR3o8YcZqhBzyHj2VLOGV/4p3z9TqD6PslIuPgsLFw root@ubuntu-bionic (RSA)
<14>Jan 27 20:19:59 ec2: -----END SSH HOST KEY FINGERPRINTS-----
<14>Jan 27 20:19:59 ec2: #############################################################
-----BEGIN SSH HOST KEY KEYS-----
ecdsa-sha2-nistp256 AAAAE2VjZHNhLXNoYTItbmlzdHAyNTYAAAAIbmlzdHAyNTYAAABBBOCf0cAVwNrZj1akkpY5b/t1lbggtPL34vsQQ7/CEI6TmAoXn6RWbdqpblF68SLftoXV5igLLcPEgjqpesd+spU= root@ubuntu-bionic
ssh-ed25519 AAAAC3NzaC1lZDI1NTE5AAAAIHIaJnzZNWqymnXLwW3/5DAeA3/POEEl081sVmX2R/me root@ubuntu-bionic
ssh-rsa AAAAB3NzaC1yc2EAAAADAQABAAABAQC6NG1xTMA5Hrmz2WepG/Ig+yxuPSEvX35/OYnza7R7uczMzTnDkQ25jmbQmFWHFvJQ0FUanI5gC3OQAUucVeHfZ2JgEmrMjpZYR+ZoLq6FEsbjZC7VTMQDG5QPcKV8jDScAhaMHOqUTyTvyrQx9iRmGYWVz6xIAsDOEOgB5f7JPbC3UhweI/CP62D5pKxZGX48pGUxv6laXKqzfB7aJpkR1PDTtvpl0s8+KPomj9pK7+52O3Tgui6dtvDRyDC3FXyJ3jCyEpQBd4Am5iZDv0/dagkuACtZf85CW1JALwcJxZd3vYe3AdhW0f5gXgOMKjh9/WxZ6jcUCpU/efjTx6vF root@ubuntu-bionic
-----END SSH HOST KEY KEYS-----
[   26.045878] cloud-init[1243]: Cloud-init v. 19.3-41-gc4735dd3-0ubuntu1~18.04.1 running 'modules:final' at Mon, 27 Jan 2020 20:19:58 +0000. Up 25.66 seconds.
[   26.046260] cloud-init[1243]: ci-info: no authorized ssh keys fingerprints found for user ubuntu.
[   26.046439] cloud-init[1243]: Cloud-init v. 19.3-41-gc4735dd3-0ubuntu1~18.04.1 finished at Mon, 27 Jan 2020 20:19:59 +0000. Datasource DataSourceNoCloud [seed=/dev/sdb][dsmode=net].  Up 26.02 seconds

Ubuntu 18.04.3 LTS ubuntu-bionic ttyS0

ubuntu-bionic login: 