[    0.000000] Initializing cgroup subsys cpuset
[    0.000000] Initializing cgroup subsys cpu
[    0.000000] Initializing cgroup subsys cpuacct
[    0.000000] Linux version 4.4.0-170-generic (buildd@lcy01-amd64-019) (gcc version 5.4.0 20160609 (Ubuntu 5.4.0-6ubuntu1~16.04.12) ) #199-Ubuntu SMP Thu Nov 14 01:45:04 UTC 2019 (Ubuntu 4.4.0-170.199-generic 4.4.200)
[    0.000000] Command line: BOOT_IMAGE=/boot/vmlinuz-4.4.0-170-generic root=LABEL=cloudimg-rootfs ro console=tty1 console=ttyS0
[    0.000000] KERNEL supported cpus:
[    0.000000]   Intel GenuineIntel
[    0.000000]   AMD AuthenticAMD
[    0.000000]   Centaur CentaurHauls
[    0.000000] x86/fpu: xstate_offset[2]:  576, xstate_sizes[2]:  256
[    0.000000] x86/fpu: Supporting XSAVE feature 0x01: 'x87 floating point registers'
[    0.000000] x86/fpu: Supporting XSAVE feature 0x02: 'SSE registers'
[    0.000000] x86/fpu: Supporting XSAVE feature 0x04: 'AVX registers'
[    0.000000] x86/fpu: Enabled xstate features 0x7, context size is 832 bytes, using 'standard' format.
[    0.000000] e820: BIOS-provided physical RAM map:
[    0.000000] BIOS-e820: [mem 0x0000000000000000-0x000000000009fbff] usable
[    0.000000] BIOS-e820: [mem 0x000000000009fc00-0x000000000009ffff] reserved
[    0.000000] BIOS-e820: [mem 0x00000000000f0000-0x00000000000fffff] reserved
[    0.000000] BIOS-e820: [mem 0x0000000000100000-0x000000003ffeffff] usable
[    0.000000] BIOS-e820: [mem 0x000000003fff0000-0x000000003fffffff] ACPI data
[    0.000000] BIOS-e820: [mem 0x00000000fec00000-0x00000000fec00fff] reserved
[    0.000000] BIOS-e820: [mem 0x00000000fee00000-0x00000000fee00fff] reserved
[    0.000000] BIOS-e820: [mem 0x00000000fffc0000-0x00000000ffffffff] reserved
[    0.000000] NX (Execute Disable) protection: active
[    0.000000] SMBIOS 2.5 present.
[    0.000000] Hypervisor detected: KVM
[    0.000000] e820: last_pfn = 0x3fff0 max_arch_pfn = 0x400000000
[    0.000000] MTRR: Disabled
[    0.000000] x86/PAT: MTRRs disabled, skipping PAT initialization too.
[    0.000000] CPU MTRRs all blank - virtualized system.
[    0.000000] x86/PAT: Configuration [0-7]: WB  WT  UC- UC  WB  WT  UC- UC  
[    0.000000] found SMP MP-table at [mem 0x0009fff0-0x0009ffff] mapped at [ffff88000009fff0]
[    0.000000] Scanning 1 areas for low memory corruption
[    0.000000] RAMDISK: [mem 0x362fa000-0x37174fff]
[    0.000000] ACPI: Early table checksum verification disabled
[    0.000000] ACPI: RSDP 0x00000000000E0000 000024 (v02 VBOX  )
[    0.000000] ACPI: XSDT 0x000000003FFF0030 00003C (v01 VBOX   VBOXXSDT 00000001 ASL  00000061)
[    0.000000] ACPI: FACP 0x000000003FFF00F0 0000F4 (v04 VBOX   VBOXFACP 00000001 ASL  00000061)
[    0.000000] ACPI: DSDT 0x000000003FFF0470 0022EA (v02 VBOX   VBOXBIOS 00000002 INTL 20100528)
[    0.000000] ACPI: FACS 0x000000003FFF0200 000040
[    0.000000] ACPI: FACS 0x000000003FFF0200 000040
[    0.000000] ACPI: APIC 0x000000003FFF0240 00005C (v02 VBOX   VBOXAPIC 00000001 ASL  00000061)
[    0.000000] ACPI: SSDT 0x000000003FFF02A0 0001CC (v01 VBOX   VBOXCPUT 00000002 INTL 20100528)
[    0.000000] No NUMA configuration found
[    0.000000] Faking a node at [mem 0x0000000000000000-0x000000003ffeffff]
[    0.000000] NODE_DATA(0) allocated [mem 0x3ffeb000-0x3ffeffff]
[    0.000000] kvm-clock: Using msrs 4b564d01 and 4b564d00
[    0.000000] kvm-clock: cpu 0, msr 0:3ffe3001, primary cpu clock
[    0.000000] kvm-clock: using sched offset of 3967765006 cycles
[    0.000000] clocksource: kvm-clock: mask: 0xffffffffffffffff max_cycles: 0x1cd42e4dffb, max_idle_ns: 881590591483 ns
[    0.000000] Zone ranges:
[    0.000000]   DMA      [mem 0x0000000000001000-0x0000000000ffffff]
[    0.000000]   DMA32    [mem 0x0000000001000000-0x000000003ffeffff]
[    0.000000]   Normal   empty
[    0.000000]   Device   empty
[    0.000000] Movable zone start for each node
[    0.000000] Early memory node ranges
[    0.000000]   node   0: [mem 0x0000000000001000-0x000000000009efff]
[    0.000000]   node   0: [mem 0x0000000000100000-0x000000003ffeffff]
[    0.000000] Initmem setup node 0 [mem 0x0000000000001000-0x000000003ffeffff]
[    0.000000] ACPI: PM-Timer IO Port: 0x4008
[    0.000000] IOAPIC[0]: apic_id 2, version 32, address 0xfec00000, GSI 0-23
[    0.000000] ACPI: INT_SRC_OVR (bus 0 bus_irq 0 global_irq 2 dfl dfl)
[    0.000000] ACPI: INT_SRC_OVR (bus 0 bus_irq 9 global_irq 9 low level)
[    0.000000] Using ACPI (MADT) for SMP configuration information
[    0.000000] smpboot: Allowing 2 CPUs, 0 hotplug CPUs
[    0.000000] PM: Registered nosave memory: [mem 0x00000000-0x00000fff]
[    0.000000] PM: Registered nosave memory: [mem 0x0009f000-0x0009ffff]
[    0.000000] PM: Registered nosave memory: [mem 0x000a0000-0x000effff]
[    0.000000] PM: Registered nosave memory: [mem 0x000f0000-0x000fffff]
[    0.000000] e820: [mem 0x40000000-0xfebfffff] available for PCI devices
[    0.000000] Booting paravirtualized kernel on KVM
[    0.000000] clocksource: refined-jiffies: mask: 0xffffffff max_cycles: 0xffffffff, max_idle_ns: 7645519600211568 ns
[    0.000000] setup_percpu: NR_CPUS:512 nr_cpumask_bits:512 nr_cpu_ids:2 nr_node_ids:1
[    0.000000] PERCPU: Embedded 33 pages/cpu @ffff88003fc00000 s95448 r8192 d31528 u1048576
[    0.000000] Built 1 zonelists in Node order, mobility grouping on.  Total pages: 257912
[    0.000000] Policy zone: DMA32
[    0.000000] Kernel command line: BOOT_IMAGE=/boot/vmlinuz-4.4.0-170-generic root=LABEL=cloudimg-rootfs ro console=tty1 console=ttyS0
[    0.000000] PID hash table entries: 4096 (order: 3, 32768 bytes)
[    0.000000] Memory: 997728K/1048120K available (8626K kernel code, 1336K rwdata, 4036K rodata, 1488K init, 1288K bss, 50392K reserved, 0K cma-reserved)
[    0.000000] SLUB: HWalign=64, Order=0-3, MinObjects=0, CPUs=2, Nodes=1
[    0.000000] Kernel/User page tables isolation: enabled
[    0.000000] Hierarchical RCU implementation.
[    0.000000] 	Build-time adjustment of leaf fanout to 64.
[    0.000000] 	RCU restricting CPUs from NR_CPUS=512 to nr_cpu_ids=2.
[    0.000000] RCU: Adjusting geometry for rcu_fanout_leaf=64, nr_cpu_ids=2
[    0.000000] NR_IRQS:33024 nr_irqs:440 16
[    0.000000] Console: colour VGA+ 80x25
[    0.000000] console [tty1] enabled
[    0.000000] console [ttyS0] enabled
[    0.000000] tsc: Detected 2712.006 MHz processor
[    0.305150] Calibrating delay loop (skipped) preset value.. 5424.01 BogoMIPS (lpj=10848024)
[    0.308415] pid_max: default: 32768 minimum: 301
[    0.309930] ACPI: Core revision 20150930
[    0.313919] ACPI: 2 ACPI AML tables successfully acquired and loaded
[    0.316357] Security Framework initialized
[    0.318099] Yama: becoming mindful.
[    0.319328] AppArmor: AppArmor initialized
[    0.321106] Dentry cache hash table entries: 131072 (order: 8, 1048576 bytes)
[    0.328038] Inode-cache hash table entries: 65536 (order: 7, 524288 bytes)
[    0.331151] Mount-cache hash table entries: 2048 (order: 2, 16384 bytes)
[    0.333524] Mountpoint-cache hash table entries: 2048 (order: 2, 16384 bytes)
[    0.336857] Initializing cgroup subsys io
[    0.338558] Initializing cgroup subsys memory
[    0.340001] Initializing cgroup subsys devices
[    0.341776] Initializing cgroup subsys freezer
[    0.343658] Initializing cgroup subsys net_cls
[    0.345417] Initializing cgroup subsys perf_event
[    0.347040] Initializing cgroup subsys net_prio
[    0.348863] Initializing cgroup subsys hugetlb
[    0.350163] Initializing cgroup subsys pids
[    0.354522] mce: CPU supports 0 MCE banks
[    0.356724] Last level iTLB entries: 4KB 64, 2MB 8, 4MB 8
[    0.360372] Last level dTLB entries: 4KB 64, 2MB 0, 4MB 0, 1GB 4
[    0.362614] Spectre V1 : Mitigation: usercopy/swapgs barriers and __user pointer sanitization
[    0.366248] Spectre V2 : Mitigation: Full generic retpoline
[    0.367992] Spectre V2 : Spectre v2 / SpectreRSB mitigation: Filling RSB on context switch
[    0.371691] Speculative Store Bypass: Vulnerable
[    0.373159] MDS: Vulnerable: Clear CPU buffers attempted, no microcode
[    0.380375] Freeing SMP alternatives memory: 36K
[    0.398616] ftrace: allocating 32302 entries in 127 pages
[    0.584425] smpboot: APIC(0) Converting physical 0 to logical package 0
[    0.587070] smpboot: Max logical packages: 1
[    0.589777] x2apic enabled
[    0.591830] Switched APIC routing to physical x2apic.
[    0.596338] ..TIMER: vector=0x30 apic1=0 pin1=2 apic2=-1 pin2=-1
[    0.706778] smpboot: CPU0: Intel(R) Core(TM) i5-7200U CPU @ 2.50GHz (family: 0x6, model: 0x8e, stepping: 0x9)
[    0.716222] Performance Events: unsupported p6 CPU model 142 no PMU driver, software events only.
[    0.772072] KVM setup paravirtual spinlock
[    0.776012] x86: Booting SMP configuration:
[    0.778269] .... node  #0, CPUs:      #1
[    0.780409] kvm-clock: cpu 1, msr 0:3ffe3041, secondary cpu clock
[    0.784620] mce: CPU supports 0 MCE banks
[    0.787726] x86: Booted up 1 node, 2 CPUs
[    0.792567] smpboot: Total of 2 processors activated (10848.02 BogoMIPS)
[    0.796268] devtmpfs: initialized
[    0.800911] evm: security.selinux
[    0.802343] evm: security.SMACK64
[    0.804025] evm: security.SMACK64EXEC
[    0.805522] evm: security.SMACK64TRANSMUTE
[    0.807151] evm: security.SMACK64MMAP
[    0.808800] evm: security.ima
[    0.810039] evm: security.capability
[    0.812136] clocksource: jiffies: mask: 0xffffffff max_cycles: 0xffffffff, max_idle_ns: 7645041785100000 ns
[    0.816329] futex hash table entries: 512 (order: 3, 32768 bytes)
[    0.828956] pinctrl core: initialized pinctrl subsystem
[    0.832860] RTC time: 13:06:58, date: 01/21/20
[    0.836022] NET: Registered protocol family 16
[    0.851825] cpuidle: using governor ladder
[    0.867590] cpuidle: using governor menu
[    0.869988] PCCT header not found.
[    0.872201] ACPI: bus type PCI registered
[    0.874157] acpiphp: ACPI Hot Plug PCI Controller Driver version: 0.5
[    0.877073] PCI: Using configuration type 1 for base access
[    0.892906] ACPI: Added _OSI(Module Device)
[    0.894645] ACPI: Added _OSI(Processor Device)
[    0.896333] ACPI: Added _OSI(3.0 _SCP Extensions)
[    0.898223] ACPI: Added _OSI(Processor Aggregator Device)
[    0.901277] ACPI: Executed 1 blocks of module-level executable AML code
[    0.907406] ACPI: Interpreter enabled
[    0.908987] ACPI: (supports S0 S5)
[    0.910594] ACPI: Using IOAPIC for interrupt routing
[    0.913111] PCI: Using host bridge windows from ACPI; if necessary, use "pci=nocrs" and report a bug
[    0.923453] ACPI: PCI Root Bridge [PCI0] (domain 0000 [bus 00-ff])
[    0.925721] acpi PNP0A03:00: _OSC: OS supports [ASPM ClockPM Segments MSI]
[    0.928761] acpi PNP0A03:00: _OSC: not requesting OS control; OS requires [ExtendedConfig ASPM ClockPM MSI]
[    0.932172] acpi PNP0A03:00: fail to add MMCONFIG information, can't access extended PCI configuration space under this bridge.
[    0.936614] PCI host bridge to bus 0000:00
[    0.938054] pci_bus 0000:00: root bus resource [io  0x0000-0x0cf7 window]
[    0.940596] pci_bus 0000:00: root bus resource [io  0x0d00-0xffff window]
[    0.944290] pci_bus 0000:00: root bus resource [mem 0x000a0000-0x000bffff window]
[    0.948160] pci_bus 0000:00: root bus resource [mem 0x40000000-0xfdffffff window]
[    0.950965] pci_bus 0000:00: root bus resource [bus 00-ff]
[    0.956431] pci 0000:00:01.1: legacy IDE quirk: reg 0x10: [io  0x01f0-0x01f7]
[    0.959022] pci 0000:00:01.1: legacy IDE quirk: reg 0x14: [io  0x03f6]
[    0.961180] pci 0000:00:01.1: legacy IDE quirk: reg 0x18: [io  0x0170-0x0177]
[    0.964290] pci 0000:00:01.1: legacy IDE quirk: reg 0x1c: [io  0x0376]
[    1.019433] pci 0000:00:07.0: quirk: [io  0x4000-0x403f] claimed by PIIX4 ACPI
[    1.022076] pci 0000:00:07.0: quirk: [io  0x4100-0x410f] claimed by PIIX4 SMB
[    1.037665] ACPI: PCI Interrupt Link [LNKA] (IRQs 5 9 10 *11)
[    1.041321] ACPI: PCI Interrupt Link [LNKB] (IRQs 5 9 *10 11)
[    1.045276] ACPI: PCI Interrupt Link [LNKC] (IRQs 5 *9 10 11)
[    1.048759] ACPI: PCI Interrupt Link [LNKD] (IRQs 5 9 10 *11)
[    1.052083] ACPI: Enabled 2 GPEs in block 00 to 07
[    1.054802] vgaarb: setting as boot device: PCI:0000:00:02.0
[    1.057010] vgaarb: device added: PCI:0000:00:02.0,decodes=io+mem,owns=io+mem,locks=none
[    1.059941] vgaarb: loaded
[    1.061114] vgaarb: bridge control possible 0000:00:02.0
[    1.063487] SCSI subsystem initialized
[    1.064854] ACPI: bus type USB registered
[    1.066115] usbcore: registered new interface driver usbfs
[    1.068055] usbcore: registered new interface driver hub
[    1.070069] usbcore: registered new device driver usb
[    1.072601] PCI: Using ACPI for IRQ routing
[    1.075078] NetLabel: Initializing
[    1.076791] NetLabel:  domain hash size = 128
[    1.078608] NetLabel:  protocols = UNLABELED CIPSOv4
[    1.085384] NetLabel:  unlabeled traffic allowed by default
[    1.087991] amd_nb: Cannot enumerate AMD northbridges
[    1.090972] clocksource: Switched to clocksource kvm-clock
[    1.112665] AppArmor: AppArmor Filesystem Enabled
[    1.114706] pnp: PnP ACPI init
[    1.117817] pnp: PnP ACPI: found 3 devices
[    1.131495] clocksource: acpi_pm: mask: 0xffffff max_cycles: 0xffffff, max_idle_ns: 2085701024 ns
[    1.134697] NET: Registered protocol family 2
[    1.136363] TCP established hash table entries: 8192 (order: 4, 65536 bytes)
[    1.138665] TCP bind hash table entries: 8192 (order: 5, 131072 bytes)
[    1.140755] TCP: Hash tables configured (established 8192 bind 8192)
[    1.142353] UDP hash table entries: 512 (order: 2, 16384 bytes)
[    1.144445] UDP-Lite hash table entries: 512 (order: 2, 16384 bytes)
[    1.146756] NET: Registered protocol family 1
[    1.149281] pci 0000:00:00.0: Limiting direct PCI/PCI transfers
[    1.151712] pci 0000:00:01.0: Activating ISA DMA hang workarounds
[    1.154623] Unpacking initramfs...
[    1.647692] Freeing initrd memory: 14828K
[    1.649464] clocksource: tsc: mask: 0xffffffffffffffff max_cycles: 0x27178c274f7, max_idle_ns: 440795238189 ns
[    1.652626] platform rtc_cmos: registered platform RTC device (no PNP device found)
[    1.655410] Scanning for low memory corruption every 60 seconds
[    1.657808] audit: initializing netlink subsys (disabled)
[    1.659431] audit: type=2000 audit(1579612024.748:1): initialized
[    1.661640] Initialise system trusted keyring
[    1.663787] HugeTLB registered 2 MB page size, pre-allocated 0 pages
[    1.667412] zbud: loaded
[    1.669290] VFS: Disk quotas dquot_6.6.0
[    1.670930] VFS: Dquot-cache hash table entries: 512 (order 0, 4096 bytes)
[    1.674882] squashfs: version 4.0 (2009/01/31) Phillip Lougher
[    1.678159] fuse init (API version 7.23)
[    1.679992] Key type big_key registered
[    1.681624] Allocating IMA MOK and blacklist keyrings.
[    1.685928] Key type asymmetric registered
[    1.687541] Asymmetric key parser 'x509' registered
[    1.689782] Block layer SCSI generic (bsg) driver version 0.4 loaded (major 249)
[    1.693382] io scheduler noop registered
[    1.695196] io scheduler deadline registered (default)
[    1.697540] io scheduler cfq registered
[    1.699241] pci_hotplug: PCI Hot Plug PCI Core version: 0.5
[    1.701662] pciehp: PCI Express Hot Plug Controller Driver version: 0.4
[    1.704430] ACPI: AC Adapter [AC] (off-line)
[    1.706240] input: Power Button as /devices/LNXSYSTM:00/LNXPWRBN:00/input/input0
[    1.709833] ACPI: Power Button [PWRF]
[    1.711561] input: Sleep Button as /devices/LNXSYSTM:00/LNXSLPBN:00/input/input1
[    1.714976] ACPI: Sleep Button [SLPF]
[    1.717796] ACPI: Battery Slot [BAT0] (battery present)
[    1.719338] GHES: HEST is not enabled!
[    1.721224] Serial: 8250/16550 driver, 32 ports, IRQ sharing enabled
[    1.744441] 00:02: ttyS0 at I/O 0x3f8 (irq = 4, base_baud = 115200) is a 16550A
[    1.750349] Linux agpgart interface v0.103
[    1.755137] loop: module loaded
[    1.757588] scsi host0: ata_piix
[    1.758830] scsi host1: ata_piix
[    1.760087] ata1: PATA max UDMA/33 cmd 0x1f0 ctl 0x3f6 bmdma 0xd000 irq 14
[    1.761864] ata2: PATA max UDMA/33 cmd 0x170 ctl 0x376 bmdma 0xd008 irq 15
[    1.763687] libphy: Fixed MDIO Bus: probed
[    1.765295] tun: Universal TUN/TAP device driver, 1.6
[    1.767299] tun: (C) 1999-2004 Max Krasnyansky <maxk@qualcomm.com>
[    1.769310] PPP generic driver version 2.4.2
[    1.770571] ehci_hcd: USB 2.0 'Enhanced' Host Controller (EHCI) Driver
[    1.772522] ehci-pci: EHCI PCI platform driver
[    1.773940] ehci-platform: EHCI generic platform driver
[    1.776078] ohci_hcd: USB 1.1 'Open' Host Controller (OHCI) Driver
[    1.777917] ohci-pci: OHCI PCI platform driver
[    1.779616] ohci-platform: OHCI generic platform driver
[    1.781685] uhci_hcd: USB Universal Host Controller Interface driver
[    1.783539] i8042: PNP: PS/2 Controller [PNP0303:PS2K,PNP0f03:PS2M] at 0x60,0x64 irq 1,12
[    1.788114] serio: i8042 KBD port at 0x60,0x64 irq 1
[    1.789829] serio: i8042 AUX port at 0x60,0x64 irq 12
[    1.792280] mousedev: PS/2 mouse device common for all mice
[    1.796133] input: AT Translated Set 2 keyboard as /devices/platform/i8042/serio0/input/input2
[    1.800786] rtc_cmos rtc_cmos: rtc core: registered rtc_cmos as rtc0
[    1.803638] rtc_cmos rtc_cmos: alarms up to one day, 114 bytes nvram
[    1.806457] i2c /dev entries driver
[    1.807997] device-mapper: uevent: version 1.0.3
[    1.810028] device-mapper: ioctl: 4.34.0-ioctl (2015-10-28) initialised: dm-devel@redhat.com
[    1.813487] ledtrig-cpu: registered to indicate activity on CPUs
[    1.816795] NET: Registered protocol family 10
[    1.818722] NET: Registered protocol family 17
[    1.820743] Key type dns_resolver registered
[    1.823531] registered taskstats version 1
[    1.825242] Loading compiled-in X.509 certificates
[    1.828323] Loaded X.509 cert 'Build time autogenerated kernel key: f0e56e97f406068ace47a9bf54316e9855aaaa43'
[    1.831976] zswap: loaded using pool lzo/zbud
[    1.836505] Key type trusted registered
[    1.843432] Key type encrypted registered
[    1.844809] AppArmor: AppArmor sha1 policy hashing enabled
[    1.846956] ima: No TPM chip found, activating TPM-bypass!
[    1.848664] ima: Allocated hash algorithm: sha1
[    1.850106] evm: HMAC attrs: 0x1
[    1.852403]   Magic number: 4:988:129
[    1.854072] rtc_cmos rtc_cmos: setting system clock to 2020-01-21 13:06:59 UTC (1579612019)
[    1.857779] BIOS EDD facility v0.16 2004-Jun-25, 0 devices found
[    1.860157] EDD information not available.
[    1.922595] Freeing unused kernel memory: 1488K
[    1.924703] Write protecting the kernel read-only data: 14336k
[    1.931820] Freeing unused kernel memory: 1604K
[    1.936977] Freeing unused kernel memory: 60K
Loading, please wait...
starting version 229
[    1.968007] random: systemd-udevd: uninitialized urandom read (16 bytes read, 5 bits of entropy available)
[    1.969124] random: udevadm: uninitialized urandom read (16 bytes read, 5 bits of entropy available)
[    1.969169] random: udevadm: uninitialized urandom read (16 bytes read, 5 bits of entropy available)
[    1.983573] random: systemd-udevd: uninitialized urandom read (16 bytes read, 5 bits of entropy available)
[    1.987907] random: udevadm: uninitialized urandom read (16 bytes read, 5 bits of entropy available)
[    1.988030] random: udevadm: uninitialized urandom read (16 bytes read, 5 bits of entropy available)
[    1.988428] random: udevadm: uninitialized urandom read (16 bytes read, 5 bits of entropy available)
[    1.988530] random: udevadm: uninitialized urandom read (16 bytes read, 5 bits of entropy available)
[    1.988624] random: udevadm: uninitialized urandom read (16 bytes read, 5 bits of entropy available)
[    1.988718] random: udevadm: uninitialized urandom read (16 bytes read, 5 bits of entropy available)
[    2.076441] e1000: Intel(R) PRO/1000 Network Driver - version 7.3.21-k8-NAPI
[    2.078740] e1000: Copyright (c) 1999-2006 Intel Corporation.
[    2.082955] Fusion MPT base driver 3.04.20
[    2.094683] Copyright (c) 1999-2008 LSI Corporation
[    2.106189] Fusion MPT SPI Host driver 3.04.20
[    2.165309] AVX2 version of gcm_enc/dec engaged.
[    2.167374] AES CTR mode by8 optimization enabled
[    2.314936] input: ImExPS/2 Generic Explorer Mouse as /devices/platform/i8042/serio1/input/input4
[    2.638771] e1000 0000:00:03.0 eth0: (PCI:33MHz:32-bit) 02:dd:45:a7:5d:a0
[    2.642223] e1000 0000:00:03.0 eth0: Intel(R) PRO/1000 Network Connection
[    2.647532] mptbase: ioc0: Initiating bringup
[    2.649820] e1000 0000:00:03.0 enp0s3: renamed from eth0
[    2.971765] ioc0: LSI53C1030 A0: Capabilities={Initiator}
[    4.673109] scsi host2: ioc0: LSI53C1030 A0, FwRev=00000000h, Ports=1, MaxQ=256, IRQ=20
[    5.030582] scsi 2:0:0:0: Direct-Access     VBOX     HARDDISK         1.0  PQ: 0 ANSI: 5
[    5.034233] scsi target2:0:0: Beginning Domain Validation
[    5.039226] scsi target2:0:0: Domain Validation skipping write tests
[    5.041972] scsi target2:0:0: Ending Domain Validation
[    5.044740] scsi target2:0:0: asynchronous
[    5.047443] scsi 2:0:1:0: Direct-Access     VBOX     HARDDISK         1.0  PQ: 0 ANSI: 5
[    5.050894] scsi target2:0:1: Beginning Domain Validation
[    5.054920] scsi target2:0:1: Domain Validation skipping write tests
[    5.056657] scsi target2:0:1: Ending Domain Validation
[    5.058379] scsi target2:0:1: asynchronous
[    5.095429] sd 2:0:0:0: Attached scsi generic sg0 type 0
[    5.095476] sd 2:0:0:0: [sda] 20971520 512-byte logical blocks: (10.7 GB/10.0 GiB)
[    5.102003] sd 2:0:0:0: [sda] Write Protect is off
[    5.102947] sd 2:0:1:0: Attached scsi generic sg1 type 0
[    5.103260] sd 2:0:1:0: [sdb] 20480 512-byte logical blocks: (10.5 MB/10.0 MiB)
[    5.103521] sd 2:0:1:0: [sdb] Write Protect is off
[    5.103657] sd 2:0:1:0: [sdb] Incomplete mode parameter data
[    5.103659] sd 2:0:1:0: [sdb] Assuming drive cache: write through
[    5.107015] sd 2:0:1:0: [sdb] Attached SCSI disk
[    5.117983] sd 2:0:0:0: [sda] Incomplete mode parameter data
[    5.120166] sd 2:0:0:0: [sda] Assuming drive cache: write through
[    5.125205]  sda: sda1
[    5.128086] sd 2:0:0:0: [sda] Attached SCSI disk
Begin: Loading essential drivers ... [    7.113904] md: linear personality registered for level -1
[    7.121132] md: multipath personality registered for level -4
[    7.127823] md: raid0 personality registered for level 0
[    7.138887] md: raid1 personality registered for level 1
[    7.215409] raid6: sse2x1   gen()  4511 MB/s
[    7.283644] raid6: sse2x1   xor()  3806 MB/s
[    7.351029] raid6: sse2x2   gen()  5840 MB/s
[    7.419306] raid6: sse2x2   xor()  3965 MB/s
[    7.487674] raid6: sse2x4   gen()  6985 MB/s
[    7.554996] raid6: sse2x4   xor()  4684 MB/s
[    7.623307] raid6: avx2x1   gen()  9900 MB/s
[    7.691764] raid6: avx2x2   gen()  9241 MB/s
[    7.759620] raid6: avx2x4   gen()  7611 MB/s
[    7.763685] raid6: using algorithm avx2x1 gen() 9900 MB/s
[    7.767890] raid6: using avx2x2 recovery algorithm
[    7.772373] xor: automatically using best checksumming function:
[    7.811097]    avx       : 14496.000 MB/sec
[    7.814627] async_tx: api initialized (async)
[    7.834453] md: raid6 personality registered for level 6
[    7.836498] md: raid5 personality registered for level 5
[    7.838555] md: raid4 personality registered for level 4
[    7.857047] md: raid10 personality registered for level 10
done.
Begin: Running /scripts/init-premount ... done.
Begin: Mounting root file system ... Begin: Running /scripts/local-top ... done.
Begin: Running /scripts/local-premount ... [    7.932509] Btrfs loaded
Scanning for Btrfs filesystems
done.
Warning: fsck not present, so skipping root file system
[    7.980964] EXT4-fs (sda1): mounted filesystem with ordered data mode. Opts: (null)
done.
Begin: Running /scripts/local-bottom ... done.
Begin: Running /scripts/init-bottom ... done.
[    8.126476] systemd[1]: systemd 229 running in system mode. (+PAM +AUDIT +SELINUX +IMA +APPARMOR +SMACK +SYSVINIT +UTMP +LIBCRYPTSETUP +GCRYPT +GNUTLS +ACL +XZ -LZ4 +SECCOMP +BLKID +ELFUTILS +KMOD -IDN)
[    8.131639] systemd[1]: Detected virtualization oracle.
[    8.133556] systemd[1]: Detected architecture x86-64.

Welcome to [1mUbuntu 16.04.6 LTS[0m!

[    8.139160] systemd[1]: Set hostname to <ubuntu>.
[    8.144466] systemd[1]: Initializing machine ID from random generator.
[    8.146757] systemd[1]: Installed transient /etc/machine-id file.
[    8.340572] systemd[1]: Started Trigger resolvconf update for networkd DNS.
[[0;32m  OK  [0m] Started Trigger resolvconf update for networkd DNS.
[    8.345353] systemd[1]: Set up automount Arbitrary Executable File Formats File System Automount Point.
[[0;32m  OK  [0m] Set up automount Arbitrary Executab...ats File System Automount Point.
[    8.351907] systemd[1]: Created slice User and Session Slice.
[[0;32m  OK  [0m] Created slice User and Session Slice.
[    8.356927] systemd[1]: Reached target User and Group Name Lookups.
[[0;32m  OK  [0m] Reached target User and Group Name Lookups.
[    8.362339] systemd[1]: Listening on udev Control Socket.
[[0;32m  OK  [0m] Listening on udev Control Socket.
[    8.366958] systemd[1]: Created slice System Slice.
[[0;32m  OK  [0m] Created slice System Slice.
[    8.371988] systemd[1]: Created slice system-serial\x2dgetty.slice.
[[0;32m  OK  [0m] Created slice system-serial\x2dgetty.slice.
[    8.375844] systemd[1]: Listening on LVM2 metadata daemon socket.
[[0;32m  OK  [0m] Listening on LVM2 metadata daemon socket.
[    8.379175] systemd[1]: Listening on LVM2 poll daemon socket.
[[0;32m  OK  [0m] Listening on LVM2 poll daemon socket.
[    8.391371] systemd[1]: Listening on Journal Socket (/dev/log).
[[0;32m  OK  [0m] Listening on Journal Socket (/dev/log).
[    8.395833] systemd[1]: Reached target Encrypted Volumes.
[[0;32m  OK  [0m] Reached target Encrypted Volumes.
[    8.399915] systemd[1]: Listening on Journal Audit Socket.
[[0;32m  OK  [0m] Listening on Journal Audit Socket.
[    8.403419] systemd[1]: Listening on Syslog Socket.
[[0;32m  OK  [0m] Listening on Syslog Socket.
[    8.412044] systemd[1]: Listening on udev Kernel Socket.
[[0;32m  OK  [0m] Listening on udev Kernel Socket.
[    8.416543] systemd[1]: Reached target Slices.
[[0;32m  OK  [0m] Reached target Slices.
[    8.419932] systemd[1]: Reached target System Time Synchronized.
[[0;32m  OK  [0m] Reached target System Time Synchronized.
[    8.424457] systemd[1]: Reached target Swap.
[[0;32m  OK  [0m] Reached target Swap.
[    8.427593] systemd[1]: Listening on Device-mapper event daemon FIFOs.
[[0;32m  OK  [0m] Listening on Device-mapper event daemon FIFOs.
[    8.431516] systemd[1]: Started Forward Password Requests to Wall Directory Watch.
[[0;32m  OK  [0m] Started Forward Password Requests to Wall Directory Watch.
[    8.437242] systemd[1]: Listening on /dev/initctl Compatibility Named Pipe.
[[0;32m  OK  [0m] Listening on /dev/initctl Compatibility Named Pipe.
[    8.443081] systemd[1]: Listening on Journal Socket.
[[0;32m  OK  [0m] Listening on Journal Socket.
[    8.459916] systemd[1]: Starting Create list of required static device nodes for the current kernel...
         Starting Create list of required st... nodes for the current kernel...
[    8.466932] systemd[1]: Starting Nameserver information manager...
         Starting Nameserver information manager...
[    8.471915] systemd[1]: Mounting Debug File System...
         Mounting Debug File System...
[    8.476664] systemd[1]: Starting Set console keymap...
         Starting Set console keymap...
[    8.481879] systemd[1]: Starting Uncomplicated firewall...
         Starting Uncomplicated firewall...
[    8.490028] systemd[1]: Starting Load Kernel Modules...
         Starting Load Kernel Modules...
[    8.494746] systemd[1]: Mounting POSIX Message Queue File System...
         Mounting POSIX Message Queue File System...
[    8.500237] systemd[1]: Starting Monitoring of LVM2 mirrors, snapshots etc. using dmeventd or progress polling...
         Starting Monitoring of LVM2 mirrors... dmeventd or progress polling...
[    8.512649] Loading iSCSI transport class v2.0-870.
[    8.516607] systemd[1]: Starting Remount Root and Kernel File Systems...
         Starting Remount Root and Kernel File Systems...
[    8.525330] systemd[1]: Starting Journal Service...
         Starting Journal Service...
[    8.532075] systemd[1]: Mounting Huge Pages File System...
         Mounting Huge Pages File System...
[    8.536649] iscsi: registered transport (tcp)
[    8.545685] systemd[1]: Mounted POSIX Message Queue File System.
[    8.547622] EXT4-fs (sda1): re-mounted. Opts: (null)
[[0;32m  OK  [0m] Mounted POSIX Message Queue File System.
[    8.552274] systemd[1]: Mounted Debug File System.
[[0;32m  OK  [0m] Mounted Debug File System.
[    8.556087] systemd[1]: Mounted Huge Pages File System.
[[0;32m  OK  [0m] Mounted Huge Pages File System.
[    8.562029] systemd[1]: Started Create list of required static device nodes for the current kernel.
[[0;32m  OK  [0m] Started Create list of required sta...ce nodes for the current kernel.
[    8.588101] systemd[1]: Started Uncomplicated firewall.
[[0;32m  OK  [0m] Started Uncomplicated firewall.
[    8.593853] systemd[1]: Started Remount Root and Kernel File Systems.
[[0;32m  OK  [0m] Started Remount Root and Kernel File Systems.
[    8.601986] systemd[1]: Started LVM2 metadata daemon.
[[0;32m  OK  [0m] Started LVM2 metadata daemon.
[    8.611948] systemd[1]: Starting udev Coldplug all Devices...
         Starting udev Coldplug all Devices...
[    8.643276] systemd[1]: Starting Load/Save Random Seed...
         Starting Load/Save Random Seed...
[    8.648115] iscsi: registered transport (iser)
[    8.648443] systemd[1]: Starting Create Static Device Nodes in /dev...
         Starting Create Static Device Nodes in /dev...
[    8.655644] systemd[1]: Started Journal Service.
[[0;32m  OK  [0m] Started Journal Service.
[[0;32m  OK  [0m] Started Load Kernel Modules.
[[0;32m  OK  [0m] Started Nameserver information manager.
[[0;32m  OK  [0m] Started Load/Save Random Seed.
         Mounting FUSE Control File System...
         Starting Apply Kernel Variables...
         Starting Flush Journal to Persistent Storage...
[[0;32m  OK  [0m] Mounted FUSE Control File System.
[[0;32m  OK  [0m] Started Apply Kernel Variables.
[[0;32m  OK  [0m] Started Create Static Device Nodes in /dev.
         Starting udev Kernel Device Manager...
[[0;32m  OK  [0m] Started Flush Journal to Persistent Storage.
[[0;32m  OK  [0m] Started Set console keymap.
[[0;32m  OK  [0m] Started udev Coldplug all Devices.
[[0;32m  OK  [0m] Started udev Kernel Device Manager.
[[0;32m  OK  [0m] Started Dispatch Password Requests to Console Directory Watch.
[[0;32m  OK  [0m] Found device /dev/ttyS0.
[[0;32m  OK  [0m] Started Monitoring of LVM2 mirrors,...ng dmeventd or progress polling.
[[0;32m  OK  [0m] Reached target Local File Systems (Pre).
[[0;32m  OK  [0m] Reached target Local File Systems.
         Starting Tell Plymouth To Write Out Runtime Data...
         Starting Create Volatile Files and Directories...
         Starting Set console font and keymap...
         Starting Initial cloud-init job (pre-networking)...
         Starting LSB: AppArmor initialization...
         Starting Commit a transient machine-id on disk...
[[0;32m  OK  [0m] Started Tell Plymouth To Write Out Runtime Data.
[[0;32m  OK  [0m] Started Create Volatile Files and Directories.
         Starting Update UTMP about System Boot/Shutdown...
[[0;32m  OK  [0m] Listening on Load/Save RF Kill Switch Status /dev/rfkill Watch.
[[0;32m  OK  [0m] Started Commit a transient machine-id on disk.
[[0;32m  OK  [0m] Started Update UTMP about System Boot/Shutdown.
[   11.742289] cloud-init[507]: Cloud-init v. 19.2-36-g059d049c-0ubuntu2~16.04.1 running 'init-local' at Tue, 21 Jan 2020 13:07:08 +0000. Up 10.74 seconds.
[[0;32m  OK  [0m] Started Initial cloud-init job (pre-networking).
[[0;32m  OK  [0m] Reached target Network (Pre).
[[0;32m  OK  [0m] Started Set console font and keymap.
[[0;32m  OK  [0m] Created slice system-getty.slice.
[[0;32m  OK  [0m] Started LSB: AppArmor initialization.
         Starting Raise network interfaces...
[[0;32m  OK  [0m] Started Raise network interfaces.
[[0;32m  OK  [0m] Reached target Network.
         Starting Initial cloud-init job (metadata service crawler)...
[   15.647213] cloud-init[954]: Cloud-init v. 19.2-36-g059d049c-0ubuntu2~16.04.1 running 'init' at Tue, 21 Jan 2020 13:07:12 +0000. Up 14.30 seconds.
[   15.652072] cloud-init[954]: ci-info: ++++++++++++++++++++++++++++++++++++++Net device info++++++++++++++++++++++++++++++++++++++
[   15.655050] cloud-init[954]: ci-info: +--------+------+----------------------------+---------------+--------+-------------------+
[   15.658492] cloud-init[954]: ci-info: | Device |  Up  |          Address           |      Mask     | Scope  |     Hw-Address    |
[   15.661683] cloud-init[954]: ci-info: +--------+------+----------------------------+---------------+--------+-------------------+
[   15.672893] cloud-init[954]: ci-info: | enp0s3 | True |         10.0.2.15          | 255.255.255.0 | global | 02:dd:45:a7:5d:a0 |
[   15.677995] cloud-init[954]: ci-info: | enp0s3 | True | fe80::dd:45ff:fea7:5da0/64 |       .       |  link  | 02:dd:45:a7:5d:a0 |
[   15.684879] cloud-init[954]: ci-info: |   lo   | True |         127.0.0.1          |   255.0.0.0   |  host  |         .         |
[   15.689156] cloud-init[954]: ci-info: |   lo   | True |          ::1/128           |       .       |  host  |         .         |
[   15.694428] cloud-init[954]: ci-info: +--------+------+----------------------------+---------------+--------+-------------------+
[   15.699899] cloud-init[954]: ci-info: +++++++++++++++++++++++++++Route IPv4 info++++++++++++++++++++++++++++
[   15.717065] cloud-init[954]: ci-info: +-------+-------------+----------+---------------+-----------+-------+
[   15.721118] cloud-init[954]: ci-info: | Route | Destination | Gateway  |    Genmask    | Interface | Flags |
[   15.725613] cloud-init[954]: ci-info: +-------+-------------+----------+---------------+-----------+-------+
[   15.730113] cloud-init[954]: ci-info: |   0   |   0.0.0.0   | 10.0.2.2 |    0.0.0.0    |   enp0s3  |   UG  |
[   15.735324] cloud-init[954]: ci-info: |   1   |   10.0.2.0  | 0.0.0.0  | 255.255.255.0 |   enp0s3  |   U   |
[   15.739332] cloud-init[954]: ci-info: +-------+-------------+----------+---------------+-----------+-------+
[   15.742385] cloud-init[954]: ci-info: +++++++++++++++++++Route IPv6 info+++++++++++++++++++
[   15.760614] [cloud-init[0;32m  OK  [0m[954]: ] ci-info: +-------+-------------+---------+-----------+-------+Started Initial cloud-init job (metadata service crawler).

[   15.765264] [[0;32m  OK  [0m] Reached target Cloud-config availability.
[[0;32m  OK  [0m] Reached target Network is Online.
cloud-init[954]: ci-info: | Route | Destination | Gateway | Interface | Flags |
[   15.769271] cloud-init[954]: ci-info: +-------+-------------+---------+-----------+-------+
[   15.771195] cloud-init[954]: ci-info: |   0   |  fe80::/64  |    ::   |   enp0s3  |   U   |
[   15.773186] cloud-init[954]: ci-info: |   3   |   ff00::/8  |    ::   |   enp0s3  |   U   |
         Starting iSCSI initiator daemon (iscsid)...
[[0;32m  OK  [0m] Reached target System Initialization.
[[0;32m  OK  [0m] Listening on ACPID Listen Socket.
[[0;32m  OK  [0m] Started Daily Cleanup of Temporary Directories.
[[0;32m  OK  [0m] Started Daily apt download activities.
         Starting Socket activation for snappy daemon.
[[0;32m  OK  [0m] Listening on UUID daemon activation socket.
[   15.776118] cloud-init[954]:          Starting LXD - unix socket.
[[0;32m  OK  [0m] Listening on D-Bus System Message Bus Socket.
ci-info: +-------+-------------+---------+-----------+-------+
[   15.788863] [[0;32m  OK  [0m] Started ACPI Events Check.
[[0;32m  OK  [0m] Reached target Paths.
[[0;32m  OK  [0m] Started Message of the Day.
[[0;32m  OK  [0m] Started Daily apt upgrade and clean activities.
[[0;32m  OK  [0m] Reached target Timers.
[[0;32m  OK  [0m] Listening on Socket activation for snappy daemon.
[[0;32m  OK  [0m] Listening on LXD - unix socket.
[[0;32m  OK  [0m] Reached target Sockets.
[[0;32m  OK  [0m] Reached target Basic System.
cloud-init[954]:          Starting LXD - container startup/shutdown...
         Starting System Logging Service...
Generating public/private rsa key pair.         Starting LSB: MD monitoring daemon...

[   15.802047] [[0;32m  OK  [0m] Started FUSE filesystem for LXC.
cloud-init[[0;32m  OK  [0m] Started Deferred execution scheduler.
[954]: Your identification has been saved in /etc/ssh/ssh_host_rsa_key.
[   15.823254] [[0;32m  OK  [0m] Started ACPI event daemon.
cloud-init[954]: Your public key has been saved in /etc/ssh/ssh_host_rsa_key.pub.[[0;32m  OK  [0m] Started D-Bus System Message Bus.

[   15.830582] cloud-init[954]: The key fingerprint is:
[   15.832944] cloud-init[954]: SHA256:RwwxLtogBVUpUVv7ToFl4b0/BA12dG7ZEidTFt4SqjU root@ubuntu-xenial
[   15.836679] cloud-init[954]: The key's randomart image is:
[   15.839751] cloud-init[954]: +---[RSA 2048]----+
[   15.842484] cloud-init[954]: |  .o++o.=.+.o.Bo*|
[   15.844572] cloud-init[954]: |   .. .+ X o =.X+|
[   15.846382] cloud-init[954]: |  . ..o + = E +o=|
[   15.848146] cloud-init[954]: |   . + . o + + + |
[   15.850032] cloud-init[954]: |    . . S = . .  |
[   15.851922] cloud-init[954]: |         +   o   |
[   15.853717] cloud-init[954]: |          .   o  |
[   15.861208] cloud-init[954]: |               . |
[   15.862670] cloud-init[954]: |                 |
[   15.863987] cloud-init[954]: +----[SHA256]-----+
[   15.866502] cloud-init[954]: Generating public/private dsa key pair.
[   15.868297] cloud-init[954]: Your identification has been saved in /etc/ssh/ssh_host_dsa_key.
[   15.870857] cloud-init[954]: Your public key has been saved in /etc/ssh/ssh_host_dsa_key.pub.
[   15.873716] cloud-init[954]: The key fingerprint is:
[   15.875204] cloud-init[954]: SHA256:OJKJbr+orGdRZ0FQgf1yWXL6/eKhXpki086IX6xthW4 root@ubuntu-xenial
[   15.884289] cloud-init[954]: The key's randomart image is:
[   15.885741] cloud-init[954]: +---[DSA 1024]----+
[   15.887744] cloud-init[954]: |    .*+.         |
[   15.889641] cloud-init[954]: |    . o . o      |
[   15.890999] cloud-init[954]: |       o *       |
[   15.893597] cloud-init[954]: |   ..o+.=        |
[   15.895304] cloud-init[954]: |  ..+oooS. o     |
[   15.896875] cloud-init[954]: | ..  . . oo oo   |
[   15.898283] cloud-init[954]: |  o.    o.=.=.   |
         Starting Virtualbox guest utils...
[   15.900078] cloud-init[954]: |..oo   . XE+...  |
         Starting Pollinate to seed the pseudo random number generator...
         Starting Accounts Service...
         Starting Login Service...
         Starting /etc/rc.local Compatibility...
         Starting LSB: Record successful boot for GRUB...
[[0;32m  OK  [0m] Started Regular background program processing daemon.
         Starting Snappy daemon...
[[0;32m  OK  [0m] Started System Logging Service.
[[0;32m  OK  [0m] Started /etc/rc.local Compatibility.
[   15.905627] cloud-init[[0;32m  OK  [0m] Started iSCSI initiator daemon (iscsid).
         Starting Login to default iSCSI targets...
[954]: |+=. o...++*...   |
[[0;32m  OK  [0m] Started Login Service.
[   15.984696] cloud-init[954]: +----[SHA256]-----+
[   15.993684] cloud-init[954]: Generating public/private ecdsa key pair.
[[0;32m  OK  [0m] Started Unattended Upgrades Shutdown.
[[0;32m  OK  [0m] Started Login to default iSCSI targets.
[[0;32m  OK  [0m] Reached target Remote File Systems (Pre).
[[0;32m  OK  [0m] Reached target Remote File Systems.
[   15.995541] cloud-init[954]: Your identification has been saved in /etc/ssh/ssh_host_ecdsa_key.
[   16.045927] cloud-init[954]: Your public key has been saved in /etc/ssh/ssh_host_ecdsa_key.pub.
[   16.055040] cloud-init[954]: The key fingerprint is:
         Starting LSB: daemon to balance interrupts for SMP systems...
         Starting Permit User Sessions...
         Starting LSB: Set the CPU Frequency Scaling governor to "ondemand"...
         Starting LSB: automatic crash report generation...
[[0;32m  OK  [0m] Started LSB: MD monitoring daemon.
[[0;32m  OK  [0m] Started Permit User Sessions.
         Starting Hold until boot process finishes up...
         Starting Terminate Plymouth Boot Screen...
[[0;32m  OK  [0m] Started Hold until boot process finishes up.
[   16.116303] cloud-init         Starting Set console scheme...
[[0;32m  OK  [0m] Started Getty on tty1.
[[954]: SHA256:5zlUbtt5B3/Vv+OH1tBqp8OiDux2nj1ldQkUnlw5G7M root@ubuntu-xenial
[0;32m  OK  [0m] Started Serial Getty on ttyS0.
[[0;32m  OK  [0m] Reached target Login Prompts.
[[0;32m  OK  [0m] Started Terminate Plymouth Boot Screen.
[[0;32m  OK  [0m] Started Set console scheme.
[   16.152067] [[0;32m  OK  [0m] Started LSB: Record successful boot for GRUB.
cloud-init[954]: The key's randomart image is:
[   16.184546] cloud-init         Starting Authenticate and Authorize Users to Run Privileged Tasks...
[[0;32m  OK  [0m] Started LSB: Set the CPU Frequency Scaling governor to "ondemand".
[954]: +---[ECDSA 256]---+
[   16.218143] cloud-init[954]: |            .o...|
[   16.231070] cloud-init[954]: |            o.o= |[[0;32m  OK  [0m] Started LXD - container startup/shutdown.
[[0;32m  OK  [0m] Started LSB: automatic crash report generation.

[[0;32m  OK  [0m] Started LSB: daemon to balance interrupts for SMP systems.
[   16.257847] cloud-init[954]: |            .+. B|
[   16.269020] cloud-init[954]: |           o   E+|
[   16.281390] [[0;32m  OK  [0m] Started Authenticate and Authorize Users to Run Privileged Tasks.
[[0;32m  OK  [0m] Started Accounts Service.
cloud-init[954]: |        S o o .o+|
[   16.304558] cloud-init[954]: |       . + o o+++|
[   16.307188] cloud-init[954]: |        o + .+o=*|
[   16.328421] cloud-init[954]: |       ....+o BoB|
[   16.330712] cloud-init[954]: |       ..+=..=o*o|
[   16.332654] cloud-init[954]: +----[SHA256]-----+
[   16.345100] cloud-init[954]: Generating public/private ed25519 key pair.
[   16.348977] cloud-init[954]: Your identification has been saved in /etc/ssh/ssh_host_ed25519_key.
[   16.354810] cloud-init[954]: Your public key has been saved in /etc/ssh/ssh_host_ed25519_key.pub.
[   16.360145] cloud-init[954]: The key fingerprint is:
[   16.388406] cloud-init[954]: SHA256:WwvqasyxrLCGv23B/hXGR7XIsoAGVuQ1XSymwX7D6AE root@ubuntu-xenial
[   16.390781] cloud-init[954]: The key's randomart image is:
[[0;32m  OK  [0m] Started Virtualbox guest utils.
[   16.405975] cloud-init[954]: +--[ED25519 256]--+
[   16.421695] cloud-init[954]: |  ooo.o. o. .    |
[   16.426940] cloud-init[954]: | . oEoo.+..o .   |
[   16.432490] cloud-init[954]: |    +o.*..+ .    |
[   16.435867] cloud-init[954]: |   .  =o++       |
[   16.439007] cloud-init[954]: |   . . oS.o      |
[   16.449277] cloud-init[954]: |    + .o * .     |
[   16.455269] cloud-init[954]: |o  = +. o .      |
[   16.457660] cloud-init[954]: |.+ .O. .         |
[   16.468937] cloud-init[954]: |o.+=ooo          |
[   16.471453] cloud-init[954]: +----[SHA256]-----+
[[0;32m  OK  [0m] Started Snappy daemon.
         Starting Wait until snapd is fully seeded...
[[0;32m  OK  [0m] Started Pollinate to seed the pseudo random number generator.
         Starting OpenBSD Secure Shell server...
[[0;32m  OK  [0m] Started OpenBSD Secure Shell server.
[[0;32m  OK  [0m] Started Wait until snapd is fully seeded.
[[0;32m  OK  [0m] Reached target Multi-User System.
[[0;32m  OK  [0m] Reached target Graphical Interface.
         Starting Update UTMP about System Runlevel Changes...
         Starting Apply the settings specified in cloud-config...
[[0;32m  OK  [0m] Started Update UTMP about System Runlevel Changes.
[   18.350883] cloud-init[1315]: Generating locales (this might take a while)...
[[0;32m  OK  [0m] Created slice User Slice of vagrant.
         Starting User Manager for UID 1000...
[[0;32m  OK  [0m] Started Session 1 of user vagrant.
[[0;32m  OK  [0m] Started User Manager for UID 1000.
[   20.551852] cloud-init[1315]:   en_US.UTF-8... done
[   20.555388] cloud-init[1315]: Generation complete.
[   21.324156] cloud-init[1315]: Cloud-init v. 19.2-36-g059d049c-0ubuntu2~16.04.1 running 'modules:config' at Tue, 21 Jan 2020 13:07:16 +0000. Up 18.05 seconds.

Ubuntu 16.04.6 LTS ubuntu-xenial ttyS0

ubuntu-xenial login: ci-info: no authorized ssh keys fingerprints found for user ubuntu.
<14>Jan 21 13:07:20 ec2: 
<14>Jan 21 13:07:20 ec2: #############################################################
<14>Jan 21 13:07:20 ec2: -----BEGIN SSH HOST KEY FINGERPRINTS-----
<14>Jan 21 13:07:20 ec2: 1024 SHA256:OJKJbr+orGdRZ0FQgf1yWXL6/eKhXpki086IX6xthW4 root@ubuntu-xenial (DSA)
<14>Jan 21 13:07:20 ec2: 256 SHA256:5zlUbtt5B3/Vv+OH1tBqp8OiDux2nj1ldQkUnlw5G7M root@ubuntu-xenial (ECDSA)
<14>Jan 21 13:07:20 ec2: 256 SHA256:WwvqasyxrLCGv23B/hXGR7XIsoAGVuQ1XSymwX7D6AE root@ubuntu-xenial (ED25519)
<14>Jan 21 13:07:20 ec2: 2048 SHA256:RwwxLtogBVUpUVv7ToFl4b0/BA12dG7ZEidTFt4SqjU root@ubuntu-xenial (RSA)
<14>Jan 21 13:07:20 ec2: -----END SSH HOST KEY FINGERPRINTS-----
<14>Jan 21 13:07:20 ec2: #############################################################
-----BEGIN SSH HOST KEY KEYS-----
ecdsa-sha2-nistp256 AAAAE2VjZHNhLXNoYTItbmlzdHAyNTYAAAAIbmlzdHAyNTYAAABBBK7N+/MfFM3eSVr69KrGZ/ZlzlXMzS+MCnMXmKgiK724SqFtzyWGncWcEpHbG0/dEYQ9n7+eQXOEcLHB/nx48p4= root@ubuntu-xenial
ssh-ed25519 AAAAC3NzaC1lZDI1NTE5AAAAIPSeeY0tgl/XijvINAEJ92xVe35MN7nFYwwvNqRy9eAM root@ubuntu-xenial
ssh-rsa AAAAB3NzaC1yc2EAAAADAQABAAABAQC4eyaJY04eA2uOCUrPh9dTUOoCiQ9D8Opk6md8XPZK2LXnSuPcnOGW0r1QVZX4y5OeeaJM9oOBy45QJ1GF3THvSw4/vqdFeWVU4S9ugbIgli06tLIaRd6ixJROKXEGNIHxffy51PnbxUA07sjIavPfqj/YaIK5nMfRtLAqtjx625NHJ5o3qxX/yUHP9TXMm2gf7ph1EMYebCPQOMNh6N+jXBrIwIlhzjycPY6V6BKzEuLH3nbfFKMNFfLhWDHCqT1jz8gIMy2c2DP4icoFZsiR8qLXVhDT6xYBJsCqSEf4cvItMiul8s2K5+j+yIYCNHzfpBWrwkbeddwnzZeclHUt root@ubuntu-xenial
-----END SSH HOST KEY KEYS-----
[   22.722795] cloud-init[1450]: Cloud-init v. 19.2-36-g059d049c-0ubuntu2~16.04.1 running 'modules:final' at Tue, 21 Jan 2020 13:07:20 +0000. Up 22.31 seconds.
[   22.723103] cloud-init[1450]: ci-info: no authorized ssh keys fingerprints found for user ubuntu.
[   22.723286] cloud-init[1450]: Cloud-init v. 19.2-36-g059d049c-0ubuntu2~16.04.1 finished at Tue, 21 Jan 2020 13:07:20 +0000. Datasource DataSourceNoCloud [seed=/dev/sdb][dsmode=net].  Up 22.69 seconds
